[debug] [2021-01-31T14:08:39.593Z] ----------------------------------------------------------------------
[debug] [2021-01-31T14:08:39.595Z] Command:       C:\Program Files\nodejs\node.exe C:\Users\brian\AppData\Roaming\npm\node_modules\firebase-tools\lib\bin\firebase.js deploy --only functions
[debug] [2021-01-31T14:08:39.596Z] CLI Version:   9.2.2
[debug] [2021-01-31T14:08:39.596Z] Platform:      win32
[debug] [2021-01-31T14:08:39.596Z] Node Version:  v14.15.4
[debug] [2021-01-31T14:08:39.597Z] Time:          Sun Jan 31 2021 06:08:39 GMT-0800 (Pacific Standard Time)
[debug] [2021-01-31T14:08:39.598Z] ----------------------------------------------------------------------
[debug] [2021-01-31T14:08:39.598Z] 
[debug] [2021-01-31T14:08:39.608Z] > command requires scopes: ["email","openid","https://www.googleapis.com/auth/cloudplatformprojects.readonly","https://www.googleapis.com/auth/firebase","https://www.googleapis.com/auth/cloud-platform"]
[debug] [2021-01-31T14:08:39.609Z] > authorizing via signed-in user
[debug] [2021-01-31T14:08:39.609Z] [iam] checking project hackuci-ac4d9 for permissions ["cloudfunctions.functions.create","cloudfunctions.functions.delete","cloudfunctions.functions.get","cloudfunctions.functions.list","cloudfunctions.functions.update","cloudfunctions.operations.get","firebase.projects.get"]
[debug] [2021-01-31T14:08:39.613Z] >>> HTTP REQUEST POST https://cloudresourcemanager.googleapis.com/v1/projects/hackuci-ac4d9:testIamPermissions  
 {"permissions":["cloudfunctions.functions.create","cloudfunctions.functions.delete","cloudfunctions.functions.get","cloudfunctions.functions.list","cloudfunctions.functions.update","cloudfunctions.operations.get","firebase.projects.get"]}
[debug] [2021-01-31T14:08:39.822Z] <<< HTTP RESPONSE 200 {"content-type":"application/json; charset=UTF-8","vary":"X-Origin, Referer, Origin,Accept-Encoding","date":"Sun, 31 Jan 2021 14:08:39 GMT","server":"ESF","cache-control":"private","x-xss-protection":"0","x-frame-options":"SAMEORIGIN","x-content-type-options":"nosniff","server-timing":"gfet4t7; dur=63","alt-svc":"h3-29=\":443\"; ma=2592000,h3-T051=\":443\"; ma=2592000,h3-Q050=\":443\"; ma=2592000,h3-Q046=\":443\"; ma=2592000,h3-Q043=\":443\"; ma=2592000,quic=\":443\"; ma=2592000; v=\"46,43\"","accept-ranges":"none","transfer-encoding":"chunked"}
[debug] [2021-01-31T14:08:39.824Z] >>> HTTP REQUEST POST https://iam.googleapis.com/v1/projects/hackuci-ac4d9/serviceAccounts/hackuci-ac4d9@appspot.gserviceaccount.com:testIamPermissions  
 {"permissions":["iam.serviceAccounts.actAs"]}
[debug] [2021-01-31T14:08:39.990Z] <<< HTTP RESPONSE 200 {"content-type":"application/json; charset=UTF-8","vary":"X-Origin, Referer, Origin,Accept-Encoding","date":"Sun, 31 Jan 2021 14:08:40 GMT","server":"ESF","cache-control":"private","x-xss-protection":"0","x-frame-options":"SAMEORIGIN","x-content-type-options":"nosniff","alt-svc":"h3-29=\":443\"; ma=2592000,h3-T051=\":443\"; ma=2592000,h3-Q050=\":443\"; ma=2592000,h3-Q046=\":443\"; ma=2592000,h3-Q043=\":443\"; ma=2592000,quic=\":443\"; ma=2592000; v=\"46,43\"","accept-ranges":"none","transfer-encoding":"chunked"}
[info] 
[info] === Deploying to 'hackuci-ac4d9'...
[info] 
[info] i  deploying functions 
[debug] [2021-01-31T14:08:44.437Z] > [functions] package.json contents: {
  "name": "functions",
  "description": "Cloud Functions for Firebase",
  "scripts": {
    "serve": "firebase emulators:start --only functions",
    "shell": "firebase functions:shell",
    "start": "npm run shell",
    "deploy": "firebase deploy --only functions",
    "logs": "firebase functions:log"
  },
  "engines": {
    "node": "12"
  },
  "main": "index.js",
  "dependencies": {
    "firebase-admin": "^9.2.0",
    "firebase-functions": "^3.11.0",
    "twilio": "^3.55.1"
  },
  "devDependencies": {
    "firebase-functions-test": "^0.2.0"
  },
  "private": true
}
[info] i  functions: ensuring required API cloudfunctions.googleapis.com is enabled... 
[info] i  functions: ensuring required API cloudbuild.googleapis.com is enabled... 
[debug] [2021-01-31T14:08:46.460Z] >>> HTTP REQUEST GET https://serviceusage.googleapis.com/v1/projects/hackuci-ac4d9/services/cloudfunctions.googleapis.com  
 
[debug] [2021-01-31T14:08:46.460Z] >>> HTTP REQUEST GET https://serviceusage.googleapis.com/v1/projects/hackuci-ac4d9/services/runtimeconfig.googleapis.com  
 
[debug] [2021-01-31T14:08:46.461Z] >>> HTTP REQUEST GET https://serviceusage.googleapis.com/v1/projects/hackuci-ac4d9/services/cloudbuild.googleapis.com  
 
[debug] [2021-01-31T14:08:46.787Z] <<< HTTP RESPONSE 200 {"content-type":"application/json; charset=UTF-8","vary":"X-Origin, Referer, Origin,Accept-Encoding","date":"Sun, 31 Jan 2021 14:08:46 GMT","server":"ESF","cache-control":"private","x-xss-protection":"0","x-frame-options":"SAMEORIGIN","x-content-type-options":"nosniff","alt-svc":"h3-29=\":443\"; ma=2592000,h3-T051=\":443\"; ma=2592000,h3-Q050=\":443\"; ma=2592000,h3-Q046=\":443\"; ma=2592000,h3-Q043=\":443\"; ma=2592000,quic=\":443\"; ma=2592000; v=\"46,43\"","accept-ranges":"none","transfer-encoding":"chunked"}
[info] +  functions: required API cloudbuild.googleapis.com is enabled 
[debug] [2021-01-31T14:08:46.790Z] <<< HTTP RESPONSE 200 {"content-type":"application/json; charset=UTF-8","vary":"X-Origin, Referer, Origin,Accept-Encoding","date":"Sun, 31 Jan 2021 14:08:46 GMT","server":"ESF","cache-control":"private","x-xss-protection":"0","x-frame-options":"SAMEORIGIN","x-content-type-options":"nosniff","alt-svc":"h3-29=\":443\"; ma=2592000,h3-T051=\":443\"; ma=2592000,h3-Q050=\":443\"; ma=2592000,h3-Q046=\":443\"; ma=2592000,h3-Q043=\":443\"; ma=2592000,quic=\":443\"; ma=2592000; v=\"46,43\"","accept-ranges":"none","transfer-encoding":"chunked"}
[info] +  functions: required API cloudfunctions.googleapis.com is enabled 
[debug] [2021-01-31T14:08:46.968Z] <<< HTTP RESPONSE 200 {"content-type":"application/json; charset=UTF-8","vary":"X-Origin, Referer, Origin,Accept-Encoding","date":"Sun, 31 Jan 2021 14:08:47 GMT","server":"ESF","cache-control":"private","x-xss-protection":"0","x-frame-options":"SAMEORIGIN","x-content-type-options":"nosniff","alt-svc":"h3-29=\":443\"; ma=2592000,h3-T051=\":443\"; ma=2592000,h3-Q050=\":443\"; ma=2592000,h3-Q046=\":443\"; ma=2592000,h3-Q043=\":443\"; ma=2592000,quic=\":443\"; ma=2592000; v=\"46,43\"","accept-ranges":"none","transfer-encoding":"chunked"}
[debug] [2021-01-31T14:08:46.969Z] >>> HTTP REQUEST GET https://firebase.googleapis.com/v1beta1/projects/hackuci-ac4d9/adminSdkConfig  
 
[debug] [2021-01-31T14:08:47.243Z] <<< HTTP RESPONSE 200 {"content-type":"application/json; charset=UTF-8","vary":"X-Origin, Referer, Origin,Accept-Encoding","date":"Sun, 31 Jan 2021 14:08:47 GMT","server":"ESF","cache-control":"private","x-xss-protection":"0","x-frame-options":"SAMEORIGIN","x-content-type-options":"nosniff","alt-svc":"h3-29=\":443\"; ma=2592000,h3-T051=\":443\"; ma=2592000,h3-Q050=\":443\"; ma=2592000,h3-Q046=\":443\"; ma=2592000,h3-Q043=\":443\"; ma=2592000,quic=\":443\"; ma=2592000; v=\"46,43\"","accept-ranges":"none","transfer-encoding":"chunked"}
[info] i  functions: preparing functions directory for uploading... 
[debug] [2021-01-31T14:08:47.245Z] >>> HTTP REQUEST GET https://runtimeconfig.googleapis.com/v1beta1/projects/hackuci-ac4d9/configs  
 
[debug] [2021-01-31T14:08:47.528Z] <<< HTTP RESPONSE 200 {"content-type":"application/json; charset=UTF-8","vary":"X-Origin, Referer, Origin,Accept-Encoding","date":"Sun, 31 Jan 2021 14:08:47 GMT","server":"ESF","cache-control":"private","x-xss-protection":"0","x-frame-options":"SAMEORIGIN","x-content-type-options":"nosniff","alt-svc":"h3-29=\":443\"; ma=2592000,h3-T051=\":443\"; ma=2592000,h3-Q050=\":443\"; ma=2592000,h3-Q046=\":443\"; ma=2592000,h3-Q043=\":443\"; ma=2592000,quic=\":443\"; ma=2592000; v=\"46,43\"","accept-ranges":"none","transfer-encoding":"chunked"}
[debug] [2021-01-31T14:08:47.529Z] >>> HTTP REQUEST GET https://runtimeconfig.googleapis.com/v1beta1/projects/hackuci-ac4d9/configs/twilio/variables  
 
[debug] [2021-01-31T14:08:47.732Z] <<< HTTP RESPONSE 200 {"content-type":"application/json; charset=UTF-8","vary":"X-Origin, Referer, Origin,Accept-Encoding","date":"Sun, 31 Jan 2021 14:08:47 GMT","server":"ESF","cache-control":"private","x-xss-protection":"0","x-frame-options":"SAMEORIGIN","x-content-type-options":"nosniff","alt-svc":"h3-29=\":443\"; ma=2592000,h3-T051=\":443\"; ma=2592000,h3-Q050=\":443\"; ma=2592000,h3-Q046=\":443\"; ma=2592000,h3-Q043=\":443\"; ma=2592000,quic=\":443\"; ma=2592000; v=\"46,43\"","accept-ranges":"none","transfer-encoding":"chunked"}
[debug] [2021-01-31T14:08:47.733Z] >>> HTTP REQUEST GET https://runtimeconfig.googleapis.com/v1beta1/projects/hackuci-ac4d9/configs/twilio/variables/sid  
 
[debug] [2021-01-31T14:08:47.734Z] >>> HTTP REQUEST GET https://runtimeconfig.googleapis.com/v1beta1/projects/hackuci-ac4d9/configs/twilio/variables/token  
 
[debug] [2021-01-31T14:08:47.918Z] <<< HTTP RESPONSE 200 {"content-type":"application/json; charset=UTF-8","vary":"X-Origin, Referer, Origin,Accept-Encoding","date":"Sun, 31 Jan 2021 14:08:48 GMT","server":"ESF","cache-control":"private","x-xss-protection":"0","x-frame-options":"SAMEORIGIN","x-content-type-options":"nosniff","alt-svc":"h3-29=\":443\"; ma=2592000,h3-T051=\":443\"; ma=2592000,h3-Q050=\":443\"; ma=2592000,h3-Q046=\":443\"; ma=2592000,h3-Q043=\":443\"; ma=2592000,quic=\":443\"; ma=2592000; v=\"46,43\"","accept-ranges":"none","transfer-encoding":"chunked"}
[debug] [2021-01-31T14:08:48.067Z] <<< HTTP RESPONSE 200 {"content-type":"application/json; charset=UTF-8","vary":"X-Origin, Referer, Origin,Accept-Encoding","date":"Sun, 31 Jan 2021 14:08:48 GMT","server":"ESF","cache-control":"private","x-xss-protection":"0","x-frame-options":"SAMEORIGIN","x-content-type-options":"nosniff","alt-svc":"h3-29=\":443\"; ma=2592000,h3-T051=\":443\"; ma=2592000,h3-Q050=\":443\"; ma=2592000,h3-Q046=\":443\"; ma=2592000,h3-Q043=\":443\"; ma=2592000,quic=\":443\"; ma=2592000; v=\"46,43\"","accept-ranges":"none","transfer-encoding":"chunked"}
[info] i  functions: packaged functions (23.11 KB) for uploading 
[debug] [2021-01-31T14:08:48.292Z] >>> HTTP REQUEST GET https://cloudfunctions.googleapis.com/v1/projects/hackuci-ac4d9/locations/-/functions  
 
[debug] [2021-01-31T14:08:48.817Z] <<< HTTP RESPONSE 200 {"content-type":"application/json; charset=UTF-8","vary":"X-Origin, Referer, Origin,Accept-Encoding","date":"Sun, 31 Jan 2021 14:08:48 GMT","server":"ESF","cache-control":"private","x-xss-protection":"0","x-frame-options":"SAMEORIGIN","x-content-type-options":"nosniff","alt-svc":"h3-29=\":443\"; ma=2592000,h3-T051=\":443\"; ma=2592000,h3-Q050=\":443\"; ma=2592000,h3-Q046=\":443\"; ma=2592000,h3-Q043=\":443\"; ma=2592000,quic=\":443\"; ma=2592000; v=\"46,43\"","accept-ranges":"none","transfer-encoding":"chunked"}
[debug] [2021-01-31T14:08:48.819Z] >>> HTTP REQUEST POST https://cloudfunctions.googleapis.com/v1/projects/hackuci-ac4d9/locations/us-central1/functions:generateUploadUrl  
 
[debug] [2021-01-31T14:08:49.554Z] <<< HTTP RESPONSE 200 {"content-type":"application/json; charset=UTF-8","vary":"X-Origin, Referer, Origin,Accept-Encoding","date":"Sun, 31 Jan 2021 14:08:49 GMT","server":"ESF","cache-control":"private","x-xss-protection":"0","x-frame-options":"SAMEORIGIN","x-content-type-options":"nosniff","alt-svc":"h3-29=\":443\"; ma=2592000,h3-T051=\":443\"; ma=2592000,h3-Q050=\":443\"; ma=2592000,h3-Q046=\":443\"; ma=2592000,h3-Q043=\":443\"; ma=2592000,quic=\":443\"; ma=2592000; v=\"46,43\"","accept-ranges":"none","transfer-encoding":"chunked"}
[debug] [2021-01-31T14:08:49.555Z] >>> HTTP REQUEST PUT https://storage.googleapis.com/gcf-upload-us-central1-c7ef076e-f000-447c-a9bc-4156fcb13bc8/9265429d-6a6e-481e-95b3-f64ab1e6a8c5.zip?GoogleAccessId=service-959798035499@gcf-admin-robot.iam.gserviceaccount.com&Expires=1612103929&Signature=w%2B8iU3EMalMxxGspSa%2BMVrimvOxEbNyuW3zsRm7O%2BBMKjjs8djOEHuWpu4iEt0P826bEkaze%2Fsz7qmRvLoy%2Bl%2Bx%2BBdBtZTle5UKsBV9rPAJRJ5IJlWg%2BFQ0Mcl83P8lrdLGn8ptUNqLdHvk4LMSUrIZ8DFHJXdTUJxRLVuN2SwUPlWOgEJUPKtLB0EFodnWnYRtMU8HKo6XWC63TN65qEj5wb%2Fwz39elxiwpDOr50QB8HAbDK4FqHe7oypJRmIENmKlk%2FBa936UmmM2UIFugMwlE07jM96PIEu6xjyqNB7YZnsj4rFZ2amNB3vCiwwKIPmoqvaCUvnchyKScSQMTgw%3D%3D  
 <request body omitted>
[debug] [2021-01-31T14:08:49.758Z] <<< HTTP RESPONSE 200 {"x-guploader-uploadid":"ABg5-UwwET0sqMpJ0VQYX-6LB2xIxlnvKXF-BY3yUWFAWc0KU7sHgenju1KDoOJEh5unifnsJPwXJkHVrEvRRSPd4-o","etag":"\"708a2636e64b86b681af26211c3440ee\"","x-goog-generation":"1612102129916377","x-goog-metageneration":"1","x-goog-hash":"crc32c=stdF0A==, md5=cIomNuZLhraBryYhHDRA7g==","x-goog-stored-content-length":"23663","x-goog-stored-content-encoding":"identity","vary":"Origin","content-length":"0","date":"Sun, 31 Jan 2021 14:08:49 GMT","server":"UploadServer","content-type":"text/html; charset=UTF-8","alt-svc":"h3-29=\":443\"; ma=2592000,h3-T051=\":443\"; ma=2592000,h3-Q050=\":443\"; ma=2592000,h3-Q046=\":443\"; ma=2592000,h3-Q043=\":443\"; ma=2592000,quic=\":443\"; ma=2592000; v=\"46,43\""}
[info] +  functions: functions folder uploaded successfully 
[info] i  functions: updating Node.js 12 function sayHey(us-central1)... 
[debug] [2021-01-31T14:08:49.762Z] Trigger is:  {"eventTrigger":{"resource":"projects/hackuci-ac4d9/databases/(default)/documents/covid-19 vaccine queue/{id}","eventType":"providers/cloud.firestore/eventTypes/document.create","service":"firestore.googleapis.com"}}
[info] i  functions: updating Node.js 12 function calculateWAP(us-central1)... 
[debug] [2021-01-31T14:08:49.762Z] Trigger is:  {"eventTrigger":{"resource":"projects/hackuci-ac4d9/databases/(default)/documents/covid-19 vaccine queue/{id}","eventType":"providers/cloud.firestore/eventTypes/document.write","service":"firestore.googleapis.com"}}
[info] i  functions: updating Node.js 12 function calculateETA(us-central1)... 
[debug] [2021-01-31T14:08:49.763Z] Trigger is:  {"eventTrigger":{"resource":"projects/hackuci-ac4d9/databases/(default)/documents/covid-19 vaccine queue/{id}","eventType":"providers/cloud.firestore/eventTypes/document.write","service":"firestore.googleapis.com"}}
[info] i  functions: updating Node.js 12 function calculatePriority(us-central1)... 
[debug] [2021-01-31T14:08:49.763Z] Trigger is:  {"eventTrigger":{"resource":"projects/hackuci-ac4d9/databases/(default)/documents/covid-19 vaccine queue/{id}","eventType":"providers/cloud.firestore/eventTypes/document.write","service":"firestore.googleapis.com"}}
[info] 
The following functions are found in your project but do not exist in your local source code:
	sayHello(us-central1)

If you are renaming a function or changing its region, it is recommended that you create the new function first before deleting the old one to prevent event loss. For more info, visit https://firebase.google.com/docs/functions/manage-functions#modify

[info] i  functions: deleting function sayHello(us-central1)... 
[debug] [2021-01-31T14:10:43.502Z] >>> HTTP REQUEST PATCH https://cloudfunctions.googleapis.com/v1/projects/hackuci-ac4d9/locations/us-central1/functions/sayHey {"updateMask":"sourceUploadUrl,name,labels,runtime,environmentVariables,eventTrigger.resource,eventTrigger.eventType,eventTrigger.service,eventTrigger.failurePolicy"} 
 {"sourceUploadUrl":"https://storage.googleapis.com/gcf-upload-us-central1-c7ef076e-f000-447c-a9bc-4156fcb13bc8/9265429d-6a6e-481e-95b3-f64ab1e6a8c5.zip?GoogleAccessId=service-959798035499@gcf-admin-robot.iam.gserviceaccount.com&Expires=1612103929&Signature=w%2B8iU3EMalMxxGspSa%2BMVrimvOxEbNyuW3zsRm7O%2BBMKjjs8djOEHuWpu4iEt0P826bEkaze%2Fsz7qmRvLoy%2Bl%2Bx%2BBdBtZTle5UKsBV9rPAJRJ5IJlWg%2BFQ0Mcl83P8lrdLGn8ptUNqLdHvk4LMSUrIZ8DFHJXdTUJxRLVuN2SwUPlWOgEJUPKtLB0EFodnWnYRtMU8HKo6XWC63TN65qEj5wb%2Fwz39elxiwpDOr50QB8HAbDK4FqHe7oypJRmIENmKlk%2FBa936UmmM2UIFugMwlE07jM96PIEu6xjyqNB7YZnsj4rFZ2amNB3vCiwwKIPmoqvaCUvnchyKScSQMTgw%3D%3D","name":"projects/hackuci-ac4d9/locations/us-central1/functions/sayHey","labels":{"deployment-tool":"cli-firebase"},"eventTrigger":{"resource":"projects/hackuci-ac4d9/databases/(default)/documents/covid-19 vaccine queue/{id}","eventType":"providers/cloud.firestore/eventTypes/document.create","service":"firestore.googleapis.com"},"runtime":"nodejs12","environmentVariables":{"FIREBASE_CONFIG":"{\"projectId\":\"hackuci-ac4d9\",\"storageBucket\":\"hackuci-ac4d9.appspot.com\",\"locationId\":\"us-central\"}"}}
[debug] [2021-01-31T14:10:43.503Z] >>> HTTP REQUEST PATCH https://cloudfunctions.googleapis.com/v1/projects/hackuci-ac4d9/locations/us-central1/functions/calculateWAP {"updateMask":"sourceUploadUrl,name,labels,runtime,environmentVariables,eventTrigger.resource,eventTrigger.eventType,eventTrigger.service,eventTrigger.failurePolicy"} 
 {"sourceUploadUrl":"https://storage.googleapis.com/gcf-upload-us-central1-c7ef076e-f000-447c-a9bc-4156fcb13bc8/9265429d-6a6e-481e-95b3-f64ab1e6a8c5.zip?GoogleAccessId=service-959798035499@gcf-admin-robot.iam.gserviceaccount.com&Expires=1612103929&Signature=w%2B8iU3EMalMxxGspSa%2BMVrimvOxEbNyuW3zsRm7O%2BBMKjjs8djOEHuWpu4iEt0P826bEkaze%2Fsz7qmRvLoy%2Bl%2Bx%2BBdBtZTle5UKsBV9rPAJRJ5IJlWg%2BFQ0Mcl83P8lrdLGn8ptUNqLdHvk4LMSUrIZ8DFHJXdTUJxRLVuN2SwUPlWOgEJUPKtLB0EFodnWnYRtMU8HKo6XWC63TN65qEj5wb%2Fwz39elxiwpDOr50QB8HAbDK4FqHe7oypJRmIENmKlk%2FBa936UmmM2UIFugMwlE07jM96PIEu6xjyqNB7YZnsj4rFZ2amNB3vCiwwKIPmoqvaCUvnchyKScSQMTgw%3D%3D","name":"projects/hackuci-ac4d9/locations/us-central1/functions/calculateWAP","labels":{"deployment-tool":"cli-firebase"},"eventTrigger":{"resource":"projects/hackuci-ac4d9/databases/(default)/documents/covid-19 vaccine queue/{id}","eventType":"providers/cloud.firestore/eventTypes/document.write","service":"firestore.googleapis.com"},"runtime":"nodejs12","environmentVariables":{"FIREBASE_CONFIG":"{\"projectId\":\"hackuci-ac4d9\",\"storageBucket\":\"hackuci-ac4d9.appspot.com\",\"locationId\":\"us-central\"}"}}
[debug] [2021-01-31T14:10:43.504Z] >>> HTTP REQUEST PATCH https://cloudfunctions.googleapis.com/v1/projects/hackuci-ac4d9/locations/us-central1/functions/calculateETA {"updateMask":"sourceUploadUrl,name,labels,runtime,environmentVariables,eventTrigger.resource,eventTrigger.eventType,eventTrigger.service,eventTrigger.failurePolicy"} 
 {"sourceUploadUrl":"https://storage.googleapis.com/gcf-upload-us-central1-c7ef076e-f000-447c-a9bc-4156fcb13bc8/9265429d-6a6e-481e-95b3-f64ab1e6a8c5.zip?GoogleAccessId=service-959798035499@gcf-admin-robot.iam.gserviceaccount.com&Expires=1612103929&Signature=w%2B8iU3EMalMxxGspSa%2BMVrimvOxEbNyuW3zsRm7O%2BBMKjjs8djOEHuWpu4iEt0P826bEkaze%2Fsz7qmRvLoy%2Bl%2Bx%2BBdBtZTle5UKsBV9rPAJRJ5IJlWg%2BFQ0Mcl83P8lrdLGn8ptUNqLdHvk4LMSUrIZ8DFHJXdTUJxRLVuN2SwUPlWOgEJUPKtLB0EFodnWnYRtMU8HKo6XWC63TN65qEj5wb%2Fwz39elxiwpDOr50QB8HAbDK4FqHe7oypJRmIENmKlk%2FBa936UmmM2UIFugMwlE07jM96PIEu6xjyqNB7YZnsj4rFZ2amNB3vCiwwKIPmoqvaCUvnchyKScSQMTgw%3D%3D","name":"projects/hackuci-ac4d9/locations/us-central1/functions/calculateETA","labels":{"deployment-tool":"cli-firebase"},"eventTrigger":{"resource":"projects/hackuci-ac4d9/databases/(default)/documents/covid-19 vaccine queue/{id}","eventType":"providers/cloud.firestore/eventTypes/document.write","service":"firestore.googleapis.com"},"runtime":"nodejs12","environmentVariables":{"FIREBASE_CONFIG":"{\"projectId\":\"hackuci-ac4d9\",\"storageBucket\":\"hackuci-ac4d9.appspot.com\",\"locationId\":\"us-central\"}"}}
[debug] [2021-01-31T14:10:43.504Z] >>> HTTP REQUEST PATCH https://cloudfunctions.googleapis.com/v1/projects/hackuci-ac4d9/locations/us-central1/functions/calculatePriority {"updateMask":"sourceUploadUrl,name,labels,runtime,environmentVariables,eventTrigger.resource,eventTrigger.eventType,eventTrigger.service,eventTrigger.failurePolicy"} 
 {"sourceUploadUrl":"https://storage.googleapis.com/gcf-upload-us-central1-c7ef076e-f000-447c-a9bc-4156fcb13bc8/9265429d-6a6e-481e-95b3-f64ab1e6a8c5.zip?GoogleAccessId=service-959798035499@gcf-admin-robot.iam.gserviceaccount.com&Expires=1612103929&Signature=w%2B8iU3EMalMxxGspSa%2BMVrimvOxEbNyuW3zsRm7O%2BBMKjjs8djOEHuWpu4iEt0P826bEkaze%2Fsz7qmRvLoy%2Bl%2Bx%2BBdBtZTle5UKsBV9rPAJRJ5IJlWg%2BFQ0Mcl83P8lrdLGn8ptUNqLdHvk4LMSUrIZ8DFHJXdTUJxRLVuN2SwUPlWOgEJUPKtLB0EFodnWnYRtMU8HKo6XWC63TN65qEj5wb%2Fwz39elxiwpDOr50QB8HAbDK4FqHe7oypJRmIENmKlk%2FBa936UmmM2UIFugMwlE07jM96PIEu6xjyqNB7YZnsj4rFZ2amNB3vCiwwKIPmoqvaCUvnchyKScSQMTgw%3D%3D","name":"projects/hackuci-ac4d9/locations/us-central1/functions/calculatePriority","labels":{"deployment-tool":"cli-firebase"},"eventTrigger":{"resource":"projects/hackuci-ac4d9/databases/(default)/documents/covid-19 vaccine queue/{id}","eventType":"providers/cloud.firestore/eventTypes/document.write","service":"firestore.googleapis.com"},"runtime":"nodejs12","environmentVariables":{"FIREBASE_CONFIG":"{\"projectId\":\"hackuci-ac4d9\",\"storageBucket\":\"hackuci-ac4d9.appspot.com\",\"locationId\":\"us-central\"}"}}
[debug] [2021-01-31T14:10:43.505Z] >>> HTTP REQUEST DELETE https://cloudfunctions.googleapis.com/v1/projects/hackuci-ac4d9/locations/us-central1/functions/sayHello  
 
[debug] [2021-01-31T14:10:44.053Z] <<< HTTP RESPONSE 200 {"content-type":"application/json; charset=UTF-8","vary":"X-Origin, Referer, Origin,Accept-Encoding","date":"Sun, 31 Jan 2021 14:10:44 GMT","server":"ESF","cache-control":"private","x-xss-protection":"0","x-frame-options":"SAMEORIGIN","x-content-type-options":"nosniff","alt-svc":"h3-29=\":443\"; ma=2592000,h3-T051=\":443\"; ma=2592000,h3-Q050=\":443\"; ma=2592000,h3-Q046=\":443\"; ma=2592000,h3-Q043=\":443\"; ma=2592000,quic=\":443\"; ma=2592000; v=\"46,43\"","accept-ranges":"none","transfer-encoding":"chunked"}
[debug] [2021-01-31T14:10:44.061Z] <<< HTTP RESPONSE 200 {"content-type":"application/json; charset=UTF-8","vary":"X-Origin, Referer, Origin,Accept-Encoding","date":"Sun, 31 Jan 2021 14:10:44 GMT","server":"ESF","cache-control":"private","x-xss-protection":"0","x-frame-options":"SAMEORIGIN","x-content-type-options":"nosniff","alt-svc":"h3-29=\":443\"; ma=2592000,h3-T051=\":443\"; ma=2592000,h3-Q050=\":443\"; ma=2592000,h3-Q046=\":443\"; ma=2592000,h3-Q043=\":443\"; ma=2592000,quic=\":443\"; ma=2592000; v=\"46,43\"","accept-ranges":"none","transfer-encoding":"chunked"}
[debug] [2021-01-31T14:10:44.063Z] <<< HTTP RESPONSE 200 {"content-type":"application/json; charset=UTF-8","vary":"X-Origin, Referer, Origin,Accept-Encoding","date":"Sun, 31 Jan 2021 14:10:44 GMT","server":"ESF","cache-control":"private","x-xss-protection":"0","x-frame-options":"SAMEORIGIN","x-content-type-options":"nosniff","alt-svc":"h3-29=\":443\"; ma=2592000,h3-T051=\":443\"; ma=2592000,h3-Q050=\":443\"; ma=2592000,h3-Q046=\":443\"; ma=2592000,h3-Q043=\":443\"; ma=2592000,quic=\":443\"; ma=2592000; v=\"46,43\"","accept-ranges":"none","transfer-encoding":"chunked"}
[debug] [2021-01-31T14:10:44.078Z] <<< HTTP RESPONSE 200 {"content-type":"application/json; charset=UTF-8","vary":"X-Origin, Referer, Origin,Accept-Encoding","date":"Sun, 31 Jan 2021 14:10:44 GMT","server":"ESF","cache-control":"private","x-xss-protection":"0","x-frame-options":"SAMEORIGIN","x-content-type-options":"nosniff","alt-svc":"h3-29=\":443\"; ma=2592000,h3-T051=\":443\"; ma=2592000,h3-Q050=\":443\"; ma=2592000,h3-Q046=\":443\"; ma=2592000,h3-Q043=\":443\"; ma=2592000,quic=\":443\"; ma=2592000; v=\"46,43\"","accept-ranges":"none","transfer-encoding":"chunked"}
[debug] [2021-01-31T14:10:44.128Z] <<< HTTP RESPONSE 200 {"content-type":"application/json; charset=UTF-8","vary":"X-Origin, Referer, Origin,Accept-Encoding","date":"Sun, 31 Jan 2021 14:10:44 GMT","server":"ESF","cache-control":"private","x-xss-protection":"0","x-frame-options":"SAMEORIGIN","x-content-type-options":"nosniff","alt-svc":"h3-29=\":443\"; ma=2592000,h3-T051=\":443\"; ma=2592000,h3-Q050=\":443\"; ma=2592000,h3-Q046=\":443\"; ma=2592000,h3-Q043=\":443\"; ma=2592000,quic=\":443\"; ma=2592000; v=\"46,43\"","accept-ranges":"none","transfer-encoding":"chunked"}
[debug] [2021-01-31T14:10:44.130Z] >>> HTTP REQUEST GET https://cloudfunctions.googleapis.com/v1/operations/aGFja3VjaS1hYzRkOS91cy1jZW50cmFsMS9zYXlIZXkvWlZjWlNRS3pZaXM  
 
[debug] [2021-01-31T14:10:44.130Z] >>> HTTP REQUEST GET https://cloudfunctions.googleapis.com/v1/operations/aGFja3VjaS1hYzRkOS91cy1jZW50cmFsMS9jYWxjdWxhdGVXQVAvaDIwTDlFQy1DeGc  
 
[debug] [2021-01-31T14:10:44.131Z] >>> HTTP REQUEST GET https://cloudfunctions.googleapis.com/v1/operations/aGFja3VjaS1hYzRkOS91cy1jZW50cmFsMS9jYWxjdWxhdGVFVEEvVmRsMGZuN0ZOdTQ  
 
[debug] [2021-01-31T14:10:44.131Z] >>> HTTP REQUEST GET https://cloudfunctions.googleapis.com/v1/operations/aGFja3VjaS1hYzRkOS91cy1jZW50cmFsMS9jYWxjdWxhdGVQcmlvcml0eS9tRUZXekVwREJmdw  
 
[debug] [2021-01-31T14:10:44.131Z] >>> HTTP REQUEST GET https://cloudfunctions.googleapis.com/v1/operations/aGFja3VjaS1hYzRkOS91cy1jZW50cmFsMS9zYXlIZWxsby9LM3Ywd1VKcURCWQ  
 
[debug] [2021-01-31T14:10:44.374Z] <<< HTTP RESPONSE 200 {"content-type":"application/json; charset=UTF-8","vary":"X-Origin, Referer, Origin,Accept-Encoding","date":"Sun, 31 Jan 2021 14:10:44 GMT","server":"ESF","cache-control":"private","x-xss-protection":"0","x-frame-options":"SAMEORIGIN","x-content-type-options":"nosniff","alt-svc":"h3-29=\":443\"; ma=2592000,h3-T051=\":443\"; ma=2592000,h3-Q050=\":443\"; ma=2592000,h3-Q046=\":443\"; ma=2592000,h3-Q043=\":443\"; ma=2592000,quic=\":443\"; ma=2592000; v=\"46,43\"","accept-ranges":"none","transfer-encoding":"chunked"}
[debug] [2021-01-31T14:10:44.385Z] <<< HTTP RESPONSE 200 {"content-type":"application/json; charset=UTF-8","vary":"X-Origin, Referer, Origin,Accept-Encoding","date":"Sun, 31 Jan 2021 14:10:44 GMT","server":"ESF","cache-control":"private","x-xss-protection":"0","x-frame-options":"SAMEORIGIN","x-content-type-options":"nosniff","alt-svc":"h3-29=\":443\"; ma=2592000,h3-T051=\":443\"; ma=2592000,h3-Q050=\":443\"; ma=2592000,h3-Q046=\":443\"; ma=2592000,h3-Q043=\":443\"; ma=2592000,quic=\":443\"; ma=2592000; v=\"46,43\"","accept-ranges":"none","transfer-encoding":"chunked"}
[debug] [2021-01-31T14:10:44.389Z] <<< HTTP RESPONSE 200 {"content-type":"application/json; charset=UTF-8","vary":"X-Origin, Referer, Origin,Accept-Encoding","date":"Sun, 31 Jan 2021 14:10:44 GMT","server":"ESF","cache-control":"private","x-xss-protection":"0","x-frame-options":"SAMEORIGIN","x-content-type-options":"nosniff","alt-svc":"h3-29=\":443\"; ma=2592000,h3-T051=\":443\"; ma=2592000,h3-Q050=\":443\"; ma=2592000,h3-Q046=\":443\"; ma=2592000,h3-Q043=\":443\"; ma=2592000,quic=\":443\"; ma=2592000; v=\"46,43\"","accept-ranges":"none","transfer-encoding":"chunked"}
[debug] [2021-01-31T14:10:44.391Z] <<< HTTP RESPONSE 200 {"content-type":"application/json; charset=UTF-8","vary":"X-Origin, Referer, Origin,Accept-Encoding","date":"Sun, 31 Jan 2021 14:10:44 GMT","server":"ESF","cache-control":"private","x-xss-protection":"0","x-frame-options":"SAMEORIGIN","x-content-type-options":"nosniff","alt-svc":"h3-29=\":443\"; ma=2592000,h3-T051=\":443\"; ma=2592000,h3-Q050=\":443\"; ma=2592000,h3-Q046=\":443\"; ma=2592000,h3-Q043=\":443\"; ma=2592000,quic=\":443\"; ma=2592000; v=\"46,43\"","accept-ranges":"none","transfer-encoding":"chunked"}
[debug] [2021-01-31T14:10:44.406Z] <<< HTTP RESPONSE 200 {"content-type":"application/json; charset=UTF-8","vary":"X-Origin, Referer, Origin,Accept-Encoding","date":"Sun, 31 Jan 2021 14:10:44 GMT","server":"ESF","cache-control":"private","x-xss-protection":"0","x-frame-options":"SAMEORIGIN","x-content-type-options":"nosniff","alt-svc":"h3-29=\":443\"; ma=2592000,h3-T051=\":443\"; ma=2592000,h3-Q050=\":443\"; ma=2592000,h3-Q046=\":443\"; ma=2592000,h3-Q043=\":443\"; ma=2592000,quic=\":443\"; ma=2592000; v=\"46,43\"","accept-ranges":"none","transfer-encoding":"chunked"}
[debug] [2021-01-31T14:10:46.380Z] >>> HTTP REQUEST GET https://cloudfunctions.googleapis.com/v1/operations/aGFja3VjaS1hYzRkOS91cy1jZW50cmFsMS9zYXlIZWxsby9LM3Ywd1VKcURCWQ  
 
[debug] [2021-01-31T14:10:46.386Z] >>> HTTP REQUEST GET https://cloudfunctions.googleapis.com/v1/operations/aGFja3VjaS1hYzRkOS91cy1jZW50cmFsMS9jYWxjdWxhdGVQcmlvcml0eS9tRUZXekVwREJmdw  
 
[debug] [2021-01-31T14:10:46.390Z] >>> HTTP REQUEST GET https://cloudfunctions.googleapis.com/v1/operations/aGFja3VjaS1hYzRkOS91cy1jZW50cmFsMS9jYWxjdWxhdGVXQVAvaDIwTDlFQy1DeGc  
 
[debug] [2021-01-31T14:10:46.392Z] >>> HTTP REQUEST GET https://cloudfunctions.googleapis.com/v1/operations/aGFja3VjaS1hYzRkOS91cy1jZW50cmFsMS9zYXlIZXkvWlZjWlNRS3pZaXM  
 
[debug] [2021-01-31T14:10:46.407Z] >>> HTTP REQUEST GET https://cloudfunctions.googleapis.com/v1/operations/aGFja3VjaS1hYzRkOS91cy1jZW50cmFsMS9jYWxjdWxhdGVFVEEvVmRsMGZuN0ZOdTQ  
 
[debug] [2021-01-31T14:10:46.565Z] <<< HTTP RESPONSE 200 {"content-type":"application/json; charset=UTF-8","vary":"X-Origin, Referer, Origin,Accept-Encoding","date":"Sun, 31 Jan 2021 14:10:46 GMT","server":"ESF","cache-control":"private","x-xss-protection":"0","x-frame-options":"SAMEORIGIN","x-content-type-options":"nosniff","alt-svc":"h3-29=\":443\"; ma=2592000,h3-T051=\":443\"; ma=2592000,h3-Q050=\":443\"; ma=2592000,h3-Q046=\":443\"; ma=2592000,h3-Q043=\":443\"; ma=2592000,quic=\":443\"; ma=2592000; v=\"46,43\"","accept-ranges":"none","transfer-encoding":"chunked"}
[debug] [2021-01-31T14:10:46.576Z] <<< HTTP RESPONSE 200 {"content-type":"application/json; charset=UTF-8","vary":"X-Origin, Referer, Origin,Accept-Encoding","date":"Sun, 31 Jan 2021 14:10:46 GMT","server":"ESF","cache-control":"private","x-xss-protection":"0","x-frame-options":"SAMEORIGIN","x-content-type-options":"nosniff","alt-svc":"h3-29=\":443\"; ma=2592000,h3-T051=\":443\"; ma=2592000,h3-Q050=\":443\"; ma=2592000,h3-Q046=\":443\"; ma=2592000,h3-Q043=\":443\"; ma=2592000,quic=\":443\"; ma=2592000; v=\"46,43\"","accept-ranges":"none","transfer-encoding":"chunked"}
[debug] [2021-01-31T14:10:46.584Z] <<< HTTP RESPONSE 200 {"content-type":"application/json; charset=UTF-8","vary":"X-Origin, Referer, Origin,Accept-Encoding","date":"Sun, 31 Jan 2021 14:10:46 GMT","server":"ESF","cache-control":"private","x-xss-protection":"0","x-frame-options":"SAMEORIGIN","x-content-type-options":"nosniff","alt-svc":"h3-29=\":443\"; ma=2592000,h3-T051=\":443\"; ma=2592000,h3-Q050=\":443\"; ma=2592000,h3-Q046=\":443\"; ma=2592000,h3-Q043=\":443\"; ma=2592000,quic=\":443\"; ma=2592000; v=\"46,43\"","accept-ranges":"none","transfer-encoding":"chunked"}
[debug] [2021-01-31T14:10:46.591Z] <<< HTTP RESPONSE 200 {"content-type":"application/json; charset=UTF-8","vary":"X-Origin, Referer, Origin,Accept-Encoding","date":"Sun, 31 Jan 2021 14:10:46 GMT","server":"ESF","cache-control":"private","x-xss-protection":"0","x-frame-options":"SAMEORIGIN","x-content-type-options":"nosniff","alt-svc":"h3-29=\":443\"; ma=2592000,h3-T051=\":443\"; ma=2592000,h3-Q050=\":443\"; ma=2592000,h3-Q046=\":443\"; ma=2592000,h3-Q043=\":443\"; ma=2592000,quic=\":443\"; ma=2592000; v=\"46,43\"","accept-ranges":"none","transfer-encoding":"chunked"}
[debug] [2021-01-31T14:10:46.641Z] <<< HTTP RESPONSE 200 {"content-type":"application/json; charset=UTF-8","vary":"X-Origin, Referer, Origin,Accept-Encoding","date":"Sun, 31 Jan 2021 14:10:46 GMT","server":"ESF","cache-control":"private","x-xss-protection":"0","x-frame-options":"SAMEORIGIN","x-content-type-options":"nosniff","alt-svc":"h3-29=\":443\"; ma=2592000,h3-T051=\":443\"; ma=2592000,h3-Q050=\":443\"; ma=2592000,h3-Q046=\":443\"; ma=2592000,h3-Q043=\":443\"; ma=2592000,quic=\":443\"; ma=2592000; v=\"46,43\"","accept-ranges":"none","transfer-encoding":"chunked"}
[debug] [2021-01-31T14:10:48.567Z] >>> HTTP REQUEST GET https://cloudfunctions.googleapis.com/v1/operations/aGFja3VjaS1hYzRkOS91cy1jZW50cmFsMS9zYXlIZWxsby9LM3Ywd1VKcURCWQ  
 
[debug] [2021-01-31T14:10:48.577Z] >>> HTTP REQUEST GET https://cloudfunctions.googleapis.com/v1/operations/aGFja3VjaS1hYzRkOS91cy1jZW50cmFsMS9jYWxjdWxhdGVQcmlvcml0eS9tRUZXekVwREJmdw  
 
[debug] [2021-01-31T14:10:48.585Z] >>> HTTP REQUEST GET https://cloudfunctions.googleapis.com/v1/operations/aGFja3VjaS1hYzRkOS91cy1jZW50cmFsMS9zYXlIZXkvWlZjWlNRS3pZaXM  
 
[debug] [2021-01-31T14:10:48.594Z] >>> HTTP REQUEST GET https://cloudfunctions.googleapis.com/v1/operations/aGFja3VjaS1hYzRkOS91cy1jZW50cmFsMS9jYWxjdWxhdGVXQVAvaDIwTDlFQy1DeGc  
 
[debug] [2021-01-31T14:10:48.642Z] >>> HTTP REQUEST GET https://cloudfunctions.googleapis.com/v1/operations/aGFja3VjaS1hYzRkOS91cy1jZW50cmFsMS9jYWxjdWxhdGVFVEEvVmRsMGZuN0ZOdTQ  
 
[debug] [2021-01-31T14:10:48.766Z] <<< HTTP RESPONSE 200 {"content-type":"application/json; charset=UTF-8","vary":"X-Origin, Referer, Origin,Accept-Encoding","date":"Sun, 31 Jan 2021 14:10:48 GMT","server":"ESF","cache-control":"private","x-xss-protection":"0","x-frame-options":"SAMEORIGIN","x-content-type-options":"nosniff","alt-svc":"h3-29=\":443\"; ma=2592000,h3-T051=\":443\"; ma=2592000,h3-Q050=\":443\"; ma=2592000,h3-Q046=\":443\"; ma=2592000,h3-Q043=\":443\"; ma=2592000,quic=\":443\"; ma=2592000; v=\"46,43\"","accept-ranges":"none","transfer-encoding":"chunked"}
[debug] [2021-01-31T14:10:48.773Z] <<< HTTP RESPONSE 200 {"content-type":"application/json; charset=UTF-8","vary":"X-Origin, Referer, Origin,Accept-Encoding","date":"Sun, 31 Jan 2021 14:10:48 GMT","server":"ESF","cache-control":"private","x-xss-protection":"0","x-frame-options":"SAMEORIGIN","x-content-type-options":"nosniff","alt-svc":"h3-29=\":443\"; ma=2592000,h3-T051=\":443\"; ma=2592000,h3-Q050=\":443\"; ma=2592000,h3-Q046=\":443\"; ma=2592000,h3-Q043=\":443\"; ma=2592000,quic=\":443\"; ma=2592000; v=\"46,43\"","accept-ranges":"none","transfer-encoding":"chunked"}
[info] +  functions[sayHello(us-central1)]: Successful delete operation.  
[debug] [2021-01-31T14:10:48.794Z] <<< HTTP RESPONSE 200 {"content-type":"application/json; charset=UTF-8","vary":"X-Origin, Referer, Origin,Accept-Encoding","date":"Sun, 31 Jan 2021 14:10:48 GMT","server":"ESF","cache-control":"private","x-xss-protection":"0","x-frame-options":"SAMEORIGIN","x-content-type-options":"nosniff","alt-svc":"h3-29=\":443\"; ma=2592000,h3-T051=\":443\"; ma=2592000,h3-Q050=\":443\"; ma=2592000,h3-Q046=\":443\"; ma=2592000,h3-Q043=\":443\"; ma=2592000,quic=\":443\"; ma=2592000; v=\"46,43\"","accept-ranges":"none","transfer-encoding":"chunked"}
[debug] [2021-01-31T14:10:48.836Z] <<< HTTP RESPONSE 200 {"content-type":"application/json; charset=UTF-8","vary":"X-Origin, Referer, Origin,Accept-Encoding","date":"Sun, 31 Jan 2021 14:10:48 GMT","server":"ESF","cache-control":"private","x-xss-protection":"0","x-frame-options":"SAMEORIGIN","x-content-type-options":"nosniff","alt-svc":"h3-29=\":443\"; ma=2592000,h3-T051=\":443\"; ma=2592000,h3-Q050=\":443\"; ma=2592000,h3-Q046=\":443\"; ma=2592000,h3-Q043=\":443\"; ma=2592000,quic=\":443\"; ma=2592000; v=\"46,43\"","accept-ranges":"none","transfer-encoding":"chunked"}
[debug] [2021-01-31T14:10:48.992Z] <<< HTTP RESPONSE 200 {"content-type":"application/json; charset=UTF-8","vary":"X-Origin, Referer, Origin,Accept-Encoding","date":"Sun, 31 Jan 2021 14:10:49 GMT","server":"ESF","cache-control":"private","x-xss-protection":"0","x-frame-options":"SAMEORIGIN","x-content-type-options":"nosniff","alt-svc":"h3-29=\":443\"; ma=2592000,h3-T051=\":443\"; ma=2592000,h3-Q050=\":443\"; ma=2592000,h3-Q046=\":443\"; ma=2592000,h3-Q043=\":443\"; ma=2592000,quic=\":443\"; ma=2592000; v=\"46,43\"","accept-ranges":"none","transfer-encoding":"chunked"}
[debug] [2021-01-31T14:10:50.766Z] >>> HTTP REQUEST GET https://cloudfunctions.googleapis.com/v1/operations/aGFja3VjaS1hYzRkOS91cy1jZW50cmFsMS9jYWxjdWxhdGVQcmlvcml0eS9tRUZXekVwREJmdw  
 
[debug] [2021-01-31T14:10:50.795Z] >>> HTTP REQUEST GET https://cloudfunctions.googleapis.com/v1/operations/aGFja3VjaS1hYzRkOS91cy1jZW50cmFsMS9jYWxjdWxhdGVXQVAvaDIwTDlFQy1DeGc  
 
[debug] [2021-01-31T14:10:50.837Z] >>> HTTP REQUEST GET https://cloudfunctions.googleapis.com/v1/operations/aGFja3VjaS1hYzRkOS91cy1jZW50cmFsMS9jYWxjdWxhdGVFVEEvVmRsMGZuN0ZOdTQ  
 
[debug] [2021-01-31T14:10:50.949Z] <<< HTTP RESPONSE 200 {"content-type":"application/json; charset=UTF-8","vary":"X-Origin, Referer, Origin,Accept-Encoding","date":"Sun, 31 Jan 2021 14:10:51 GMT","server":"ESF","cache-control":"private","x-xss-protection":"0","x-frame-options":"SAMEORIGIN","x-content-type-options":"nosniff","alt-svc":"h3-29=\":443\"; ma=2592000,h3-T051=\":443\"; ma=2592000,h3-Q050=\":443\"; ma=2592000,h3-Q046=\":443\"; ma=2592000,h3-Q043=\":443\"; ma=2592000,quic=\":443\"; ma=2592000; v=\"46,43\"","accept-ranges":"none","transfer-encoding":"chunked"}
[debug] [2021-01-31T14:10:50.993Z] >>> HTTP REQUEST GET https://cloudfunctions.googleapis.com/v1/operations/aGFja3VjaS1hYzRkOS91cy1jZW50cmFsMS9zYXlIZXkvWlZjWlNRS3pZaXM  
 
[debug] [2021-01-31T14:10:50.998Z] <<< HTTP RESPONSE 200 {"content-type":"application/json; charset=UTF-8","vary":"X-Origin, Referer, Origin,Accept-Encoding","date":"Sun, 31 Jan 2021 14:10:51 GMT","server":"ESF","cache-control":"private","x-xss-protection":"0","x-frame-options":"SAMEORIGIN","x-content-type-options":"nosniff","alt-svc":"h3-29=\":443\"; ma=2592000,h3-T051=\":443\"; ma=2592000,h3-Q050=\":443\"; ma=2592000,h3-Q046=\":443\"; ma=2592000,h3-Q043=\":443\"; ma=2592000,quic=\":443\"; ma=2592000; v=\"46,43\"","accept-ranges":"none","transfer-encoding":"chunked"}
[debug] [2021-01-31T14:10:51.024Z] <<< HTTP RESPONSE 200 {"content-type":"application/json; charset=UTF-8","vary":"X-Origin, Referer, Origin,Accept-Encoding","date":"Sun, 31 Jan 2021 14:10:51 GMT","server":"ESF","cache-control":"private","x-xss-protection":"0","x-frame-options":"SAMEORIGIN","x-content-type-options":"nosniff","alt-svc":"h3-29=\":443\"; ma=2592000,h3-T051=\":443\"; ma=2592000,h3-Q050=\":443\"; ma=2592000,h3-Q046=\":443\"; ma=2592000,h3-Q043=\":443\"; ma=2592000,quic=\":443\"; ma=2592000; v=\"46,43\"","accept-ranges":"none","transfer-encoding":"chunked"}
[debug] [2021-01-31T14:10:51.174Z] <<< HTTP RESPONSE 200 {"content-type":"application/json; charset=UTF-8","vary":"X-Origin, Referer, Origin,Accept-Encoding","date":"Sun, 31 Jan 2021 14:10:51 GMT","server":"ESF","cache-control":"private","x-xss-protection":"0","x-frame-options":"SAMEORIGIN","x-content-type-options":"nosniff","alt-svc":"h3-29=\":443\"; ma=2592000,h3-T051=\":443\"; ma=2592000,h3-Q050=\":443\"; ma=2592000,h3-Q046=\":443\"; ma=2592000,h3-Q043=\":443\"; ma=2592000,quic=\":443\"; ma=2592000; v=\"46,43\"","accept-ranges":"none","transfer-encoding":"chunked"}
[debug] [2021-01-31T14:10:52.949Z] >>> HTTP REQUEST GET https://cloudfunctions.googleapis.com/v1/operations/aGFja3VjaS1hYzRkOS91cy1jZW50cmFsMS9jYWxjdWxhdGVQcmlvcml0eS9tRUZXekVwREJmdw  
 
[debug] [2021-01-31T14:10:52.999Z] >>> HTTP REQUEST GET https://cloudfunctions.googleapis.com/v1/operations/aGFja3VjaS1hYzRkOS91cy1jZW50cmFsMS9jYWxjdWxhdGVXQVAvaDIwTDlFQy1DeGc  
 
[debug] [2021-01-31T14:10:53.025Z] >>> HTTP REQUEST GET https://cloudfunctions.googleapis.com/v1/operations/aGFja3VjaS1hYzRkOS91cy1jZW50cmFsMS9jYWxjdWxhdGVFVEEvVmRsMGZuN0ZOdTQ  
 
[debug] [2021-01-31T14:10:53.132Z] <<< HTTP RESPONSE 200 {"content-type":"application/json; charset=UTF-8","vary":"X-Origin, Referer, Origin,Accept-Encoding","date":"Sun, 31 Jan 2021 14:10:53 GMT","server":"ESF","cache-control":"private","x-xss-protection":"0","x-frame-options":"SAMEORIGIN","x-content-type-options":"nosniff","alt-svc":"h3-29=\":443\"; ma=2592000,h3-T051=\":443\"; ma=2592000,h3-Q050=\":443\"; ma=2592000,h3-Q046=\":443\"; ma=2592000,h3-Q043=\":443\"; ma=2592000,quic=\":443\"; ma=2592000; v=\"46,43\"","accept-ranges":"none","transfer-encoding":"chunked"}
[debug] [2021-01-31T14:10:53.175Z] >>> HTTP REQUEST GET https://cloudfunctions.googleapis.com/v1/operations/aGFja3VjaS1hYzRkOS91cy1jZW50cmFsMS9zYXlIZXkvWlZjWlNRS3pZaXM  
 
[debug] [2021-01-31T14:10:53.188Z] <<< HTTP RESPONSE 200 {"content-type":"application/json; charset=UTF-8","vary":"X-Origin, Referer, Origin,Accept-Encoding","date":"Sun, 31 Jan 2021 14:10:53 GMT","server":"ESF","cache-control":"private","x-xss-protection":"0","x-frame-options":"SAMEORIGIN","x-content-type-options":"nosniff","alt-svc":"h3-29=\":443\"; ma=2592000,h3-T051=\":443\"; ma=2592000,h3-Q050=\":443\"; ma=2592000,h3-Q046=\":443\"; ma=2592000,h3-Q043=\":443\"; ma=2592000,quic=\":443\"; ma=2592000; v=\"46,43\"","accept-ranges":"none","transfer-encoding":"chunked"}
[debug] [2021-01-31T14:10:53.218Z] <<< HTTP RESPONSE 200 {"content-type":"application/json; charset=UTF-8","vary":"X-Origin, Referer, Origin,Accept-Encoding","date":"Sun, 31 Jan 2021 14:10:53 GMT","server":"ESF","cache-control":"private","x-xss-protection":"0","x-frame-options":"SAMEORIGIN","x-content-type-options":"nosniff","alt-svc":"h3-29=\":443\"; ma=2592000,h3-T051=\":443\"; ma=2592000,h3-Q050=\":443\"; ma=2592000,h3-Q046=\":443\"; ma=2592000,h3-Q043=\":443\"; ma=2592000,quic=\":443\"; ma=2592000; v=\"46,43\"","accept-ranges":"none","transfer-encoding":"chunked"}
[debug] [2021-01-31T14:10:53.419Z] <<< HTTP RESPONSE 200 {"content-type":"application/json; charset=UTF-8","vary":"X-Origin, Referer, Origin,Accept-Encoding","date":"Sun, 31 Jan 2021 14:10:53 GMT","server":"ESF","cache-control":"private","x-xss-protection":"0","x-frame-options":"SAMEORIGIN","x-content-type-options":"nosniff","alt-svc":"h3-29=\":443\"; ma=2592000,h3-T051=\":443\"; ma=2592000,h3-Q050=\":443\"; ma=2592000,h3-Q046=\":443\"; ma=2592000,h3-Q043=\":443\"; ma=2592000,quic=\":443\"; ma=2592000; v=\"46,43\"","accept-ranges":"none","transfer-encoding":"chunked"}
[debug] [2021-01-31T14:10:55.133Z] >>> HTTP REQUEST GET https://cloudfunctions.googleapis.com/v1/operations/aGFja3VjaS1hYzRkOS91cy1jZW50cmFsMS9jYWxjdWxhdGVQcmlvcml0eS9tRUZXekVwREJmdw  
 
[debug] [2021-01-31T14:10:55.190Z] >>> HTTP REQUEST GET https://cloudfunctions.googleapis.com/v1/operations/aGFja3VjaS1hYzRkOS91cy1jZW50cmFsMS9jYWxjdWxhdGVXQVAvaDIwTDlFQy1DeGc  
 
[debug] [2021-01-31T14:10:55.219Z] >>> HTTP REQUEST GET https://cloudfunctions.googleapis.com/v1/operations/aGFja3VjaS1hYzRkOS91cy1jZW50cmFsMS9jYWxjdWxhdGVFVEEvVmRsMGZuN0ZOdTQ  
 
[debug] [2021-01-31T14:10:55.421Z] >>> HTTP REQUEST GET https://cloudfunctions.googleapis.com/v1/operations/aGFja3VjaS1hYzRkOS91cy1jZW50cmFsMS9zYXlIZXkvWlZjWlNRS3pZaXM  
 
[debug] [2021-01-31T14:10:55.583Z] <<< HTTP RESPONSE 200 {"content-type":"application/json; charset=UTF-8","vary":"X-Origin, Referer, Origin,Accept-Encoding","date":"Sun, 31 Jan 2021 14:10:55 GMT","server":"ESF","cache-control":"private","x-xss-protection":"0","x-frame-options":"SAMEORIGIN","x-content-type-options":"nosniff","alt-svc":"h3-29=\":443\"; ma=2592000,h3-T051=\":443\"; ma=2592000,h3-Q050=\":443\"; ma=2592000,h3-Q046=\":443\"; ma=2592000,h3-Q043=\":443\"; ma=2592000,quic=\":443\"; ma=2592000; v=\"46,43\"","accept-ranges":"none","transfer-encoding":"chunked"}
[debug] [2021-01-31T14:10:55.585Z] <<< HTTP RESPONSE 200 {"content-type":"application/json; charset=UTF-8","vary":"X-Origin, Referer, Origin,Accept-Encoding","date":"Sun, 31 Jan 2021 14:10:55 GMT","server":"ESF","cache-control":"private","x-xss-protection":"0","x-frame-options":"SAMEORIGIN","x-content-type-options":"nosniff","alt-svc":"h3-29=\":443\"; ma=2592000,h3-T051=\":443\"; ma=2592000,h3-Q050=\":443\"; ma=2592000,h3-Q046=\":443\"; ma=2592000,h3-Q043=\":443\"; ma=2592000,quic=\":443\"; ma=2592000; v=\"46,43\"","accept-ranges":"none","transfer-encoding":"chunked"}
[debug] [2021-01-31T14:10:55.586Z] <<< HTTP RESPONSE 200 {"content-type":"application/json; charset=UTF-8","vary":"X-Origin, Referer, Origin,Accept-Encoding","date":"Sun, 31 Jan 2021 14:10:55 GMT","server":"ESF","cache-control":"private","x-xss-protection":"0","x-frame-options":"SAMEORIGIN","x-content-type-options":"nosniff","alt-svc":"h3-29=\":443\"; ma=2592000,h3-T051=\":443\"; ma=2592000,h3-Q050=\":443\"; ma=2592000,h3-Q046=\":443\"; ma=2592000,h3-Q043=\":443\"; ma=2592000,quic=\":443\"; ma=2592000; v=\"46,43\"","accept-ranges":"none","transfer-encoding":"chunked"}
[debug] [2021-01-31T14:10:55.681Z] <<< HTTP RESPONSE 200 {"content-type":"application/json; charset=UTF-8","vary":"X-Origin, Referer, Origin,Accept-Encoding","date":"Sun, 31 Jan 2021 14:10:55 GMT","server":"ESF","cache-control":"private","x-xss-protection":"0","x-frame-options":"SAMEORIGIN","x-content-type-options":"nosniff","alt-svc":"h3-29=\":443\"; ma=2592000,h3-T051=\":443\"; ma=2592000,h3-Q050=\":443\"; ma=2592000,h3-Q046=\":443\"; ma=2592000,h3-Q043=\":443\"; ma=2592000,quic=\":443\"; ma=2592000; v=\"46,43\"","accept-ranges":"none","transfer-encoding":"chunked"}
[debug] [2021-01-31T14:10:57.584Z] >>> HTTP REQUEST GET https://cloudfunctions.googleapis.com/v1/operations/aGFja3VjaS1hYzRkOS91cy1jZW50cmFsMS9jYWxjdWxhdGVXQVAvaDIwTDlFQy1DeGc  
 
[debug] [2021-01-31T14:10:57.586Z] >>> HTTP REQUEST GET https://cloudfunctions.googleapis.com/v1/operations/aGFja3VjaS1hYzRkOS91cy1jZW50cmFsMS9jYWxjdWxhdGVFVEEvVmRsMGZuN0ZOdTQ  
 
[debug] [2021-01-31T14:10:57.592Z] >>> HTTP REQUEST GET https://cloudfunctions.googleapis.com/v1/operations/aGFja3VjaS1hYzRkOS91cy1jZW50cmFsMS9jYWxjdWxhdGVQcmlvcml0eS9tRUZXekVwREJmdw  
 
[debug] [2021-01-31T14:10:57.683Z] >>> HTTP REQUEST GET https://cloudfunctions.googleapis.com/v1/operations/aGFja3VjaS1hYzRkOS91cy1jZW50cmFsMS9zYXlIZXkvWlZjWlNRS3pZaXM  
 
[debug] [2021-01-31T14:10:57.785Z] <<< HTTP RESPONSE 200 {"content-type":"application/json; charset=UTF-8","vary":"X-Origin, Referer, Origin,Accept-Encoding","date":"Sun, 31 Jan 2021 14:10:57 GMT","server":"ESF","cache-control":"private","x-xss-protection":"0","x-frame-options":"SAMEORIGIN","x-content-type-options":"nosniff","alt-svc":"h3-29=\":443\"; ma=2592000,h3-T051=\":443\"; ma=2592000,h3-Q050=\":443\"; ma=2592000,h3-Q046=\":443\"; ma=2592000,h3-Q043=\":443\"; ma=2592000,quic=\":443\"; ma=2592000; v=\"46,43\"","accept-ranges":"none","transfer-encoding":"chunked"}
[debug] [2021-01-31T14:10:57.786Z] <<< HTTP RESPONSE 200 {"content-type":"application/json; charset=UTF-8","vary":"X-Origin, Referer, Origin,Accept-Encoding","date":"Sun, 31 Jan 2021 14:10:57 GMT","server":"ESF","cache-control":"private","x-xss-protection":"0","x-frame-options":"SAMEORIGIN","x-content-type-options":"nosniff","alt-svc":"h3-29=\":443\"; ma=2592000,h3-T051=\":443\"; ma=2592000,h3-Q050=\":443\"; ma=2592000,h3-Q046=\":443\"; ma=2592000,h3-Q043=\":443\"; ma=2592000,quic=\":443\"; ma=2592000; v=\"46,43\"","accept-ranges":"none","transfer-encoding":"chunked"}
[debug] [2021-01-31T14:10:57.793Z] <<< HTTP RESPONSE 200 {"content-type":"application/json; charset=UTF-8","vary":"X-Origin, Referer, Origin,Accept-Encoding","date":"Sun, 31 Jan 2021 14:10:57 GMT","server":"ESF","cache-control":"private","x-xss-protection":"0","x-frame-options":"SAMEORIGIN","x-content-type-options":"nosniff","alt-svc":"h3-29=\":443\"; ma=2592000,h3-T051=\":443\"; ma=2592000,h3-Q050=\":443\"; ma=2592000,h3-Q046=\":443\"; ma=2592000,h3-Q043=\":443\"; ma=2592000,quic=\":443\"; ma=2592000; v=\"46,43\"","accept-ranges":"none","transfer-encoding":"chunked"}
[debug] [2021-01-31T14:10:57.871Z] <<< HTTP RESPONSE 200 {"content-type":"application/json; charset=UTF-8","vary":"X-Origin, Referer, Origin,Accept-Encoding","date":"Sun, 31 Jan 2021 14:10:58 GMT","server":"ESF","cache-control":"private","x-xss-protection":"0","x-frame-options":"SAMEORIGIN","x-content-type-options":"nosniff","alt-svc":"h3-29=\":443\"; ma=2592000,h3-T051=\":443\"; ma=2592000,h3-Q050=\":443\"; ma=2592000,h3-Q046=\":443\"; ma=2592000,h3-Q043=\":443\"; ma=2592000,quic=\":443\"; ma=2592000; v=\"46,43\"","accept-ranges":"none","transfer-encoding":"chunked"}
[debug] [2021-01-31T14:10:59.785Z] >>> HTTP REQUEST GET https://cloudfunctions.googleapis.com/v1/operations/aGFja3VjaS1hYzRkOS91cy1jZW50cmFsMS9jYWxjdWxhdGVFVEEvVmRsMGZuN0ZOdTQ  
 
[debug] [2021-01-31T14:10:59.787Z] >>> HTTP REQUEST GET https://cloudfunctions.googleapis.com/v1/operations/aGFja3VjaS1hYzRkOS91cy1jZW50cmFsMS9jYWxjdWxhdGVQcmlvcml0eS9tRUZXekVwREJmdw  
 
[debug] [2021-01-31T14:10:59.794Z] >>> HTTP REQUEST GET https://cloudfunctions.googleapis.com/v1/operations/aGFja3VjaS1hYzRkOS91cy1jZW50cmFsMS9jYWxjdWxhdGVXQVAvaDIwTDlFQy1DeGc  
 
[debug] [2021-01-31T14:10:59.873Z] >>> HTTP REQUEST GET https://cloudfunctions.googleapis.com/v1/operations/aGFja3VjaS1hYzRkOS91cy1jZW50cmFsMS9zYXlIZXkvWlZjWlNRS3pZaXM  
 
[debug] [2021-01-31T14:10:59.987Z] <<< HTTP RESPONSE 200 {"content-type":"application/json; charset=UTF-8","vary":"X-Origin, Referer, Origin,Accept-Encoding","date":"Sun, 31 Jan 2021 14:11:00 GMT","server":"ESF","cache-control":"private","x-xss-protection":"0","x-frame-options":"SAMEORIGIN","x-content-type-options":"nosniff","alt-svc":"h3-29=\":443\"; ma=2592000,h3-T051=\":443\"; ma=2592000,h3-Q050=\":443\"; ma=2592000,h3-Q046=\":443\"; ma=2592000,h3-Q043=\":443\"; ma=2592000,quic=\":443\"; ma=2592000; v=\"46,43\"","accept-ranges":"none","transfer-encoding":"chunked"}
[debug] [2021-01-31T14:10:59.996Z] <<< HTTP RESPONSE 200 {"content-type":"application/json; charset=UTF-8","vary":"X-Origin, Referer, Origin,Accept-Encoding","date":"Sun, 31 Jan 2021 14:11:00 GMT","server":"ESF","cache-control":"private","x-xss-protection":"0","x-frame-options":"SAMEORIGIN","x-content-type-options":"nosniff","alt-svc":"h3-29=\":443\"; ma=2592000,h3-T051=\":443\"; ma=2592000,h3-Q050=\":443\"; ma=2592000,h3-Q046=\":443\"; ma=2592000,h3-Q043=\":443\"; ma=2592000,quic=\":443\"; ma=2592000; v=\"46,43\"","accept-ranges":"none","transfer-encoding":"chunked"}
[debug] [2021-01-31T14:10:59.997Z] <<< HTTP RESPONSE 200 {"content-type":"application/json; charset=UTF-8","vary":"X-Origin, Referer, Origin,Accept-Encoding","date":"Sun, 31 Jan 2021 14:11:00 GMT","server":"ESF","cache-control":"private","x-xss-protection":"0","x-frame-options":"SAMEORIGIN","x-content-type-options":"nosniff","alt-svc":"h3-29=\":443\"; ma=2592000,h3-T051=\":443\"; ma=2592000,h3-Q050=\":443\"; ma=2592000,h3-Q046=\":443\"; ma=2592000,h3-Q043=\":443\"; ma=2592000,quic=\":443\"; ma=2592000; v=\"46,43\"","accept-ranges":"none","transfer-encoding":"chunked"}
[debug] [2021-01-31T14:11:00.091Z] <<< HTTP RESPONSE 200 {"content-type":"application/json; charset=UTF-8","vary":"X-Origin, Referer, Origin,Accept-Encoding","date":"Sun, 31 Jan 2021 14:11:00 GMT","server":"ESF","cache-control":"private","x-xss-protection":"0","x-frame-options":"SAMEORIGIN","x-content-type-options":"nosniff","alt-svc":"h3-29=\":443\"; ma=2592000,h3-T051=\":443\"; ma=2592000,h3-Q050=\":443\"; ma=2592000,h3-Q046=\":443\"; ma=2592000,h3-Q043=\":443\"; ma=2592000,quic=\":443\"; ma=2592000; v=\"46,43\"","accept-ranges":"none","transfer-encoding":"chunked"}
[debug] [2021-01-31T14:11:01.987Z] >>> HTTP REQUEST GET https://cloudfunctions.googleapis.com/v1/operations/aGFja3VjaS1hYzRkOS91cy1jZW50cmFsMS9jYWxjdWxhdGVXQVAvaDIwTDlFQy1DeGc  
 
[debug] [2021-01-31T14:11:01.998Z] >>> HTTP REQUEST GET https://cloudfunctions.googleapis.com/v1/operations/aGFja3VjaS1hYzRkOS91cy1jZW50cmFsMS9jYWxjdWxhdGVFVEEvVmRsMGZuN0ZOdTQ  
 
[debug] [2021-01-31T14:11:01.999Z] >>> HTTP REQUEST GET https://cloudfunctions.googleapis.com/v1/operations/aGFja3VjaS1hYzRkOS91cy1jZW50cmFsMS9jYWxjdWxhdGVQcmlvcml0eS9tRUZXekVwREJmdw  
 
[debug] [2021-01-31T14:11:02.092Z] >>> HTTP REQUEST GET https://cloudfunctions.googleapis.com/v1/operations/aGFja3VjaS1hYzRkOS91cy1jZW50cmFsMS9zYXlIZXkvWlZjWlNRS3pZaXM  
 
[debug] [2021-01-31T14:11:02.177Z] <<< HTTP RESPONSE 200 {"content-type":"application/json; charset=UTF-8","vary":"X-Origin, Referer, Origin,Accept-Encoding","date":"Sun, 31 Jan 2021 14:11:02 GMT","server":"ESF","cache-control":"private","x-xss-protection":"0","x-frame-options":"SAMEORIGIN","x-content-type-options":"nosniff","alt-svc":"h3-29=\":443\"; ma=2592000,h3-T051=\":443\"; ma=2592000,h3-Q050=\":443\"; ma=2592000,h3-Q046=\":443\"; ma=2592000,h3-Q043=\":443\"; ma=2592000,quic=\":443\"; ma=2592000; v=\"46,43\"","accept-ranges":"none","transfer-encoding":"chunked"}
[debug] [2021-01-31T14:11:02.179Z] <<< HTTP RESPONSE 200 {"content-type":"application/json; charset=UTF-8","vary":"X-Origin, Referer, Origin,Accept-Encoding","date":"Sun, 31 Jan 2021 14:11:02 GMT","server":"ESF","cache-control":"private","x-xss-protection":"0","x-frame-options":"SAMEORIGIN","x-content-type-options":"nosniff","alt-svc":"h3-29=\":443\"; ma=2592000,h3-T051=\":443\"; ma=2592000,h3-Q050=\":443\"; ma=2592000,h3-Q046=\":443\"; ma=2592000,h3-Q043=\":443\"; ma=2592000,quic=\":443\"; ma=2592000; v=\"46,43\"","accept-ranges":"none","transfer-encoding":"chunked"}
[debug] [2021-01-31T14:11:02.180Z] <<< HTTP RESPONSE 200 {"content-type":"application/json; charset=UTF-8","vary":"X-Origin, Referer, Origin,Accept-Encoding","date":"Sun, 31 Jan 2021 14:11:02 GMT","server":"ESF","cache-control":"private","x-xss-protection":"0","x-frame-options":"SAMEORIGIN","x-content-type-options":"nosniff","alt-svc":"h3-29=\":443\"; ma=2592000,h3-T051=\":443\"; ma=2592000,h3-Q050=\":443\"; ma=2592000,h3-Q046=\":443\"; ma=2592000,h3-Q043=\":443\"; ma=2592000,quic=\":443\"; ma=2592000; v=\"46,43\"","accept-ranges":"none","transfer-encoding":"chunked"}
[debug] [2021-01-31T14:11:02.299Z] <<< HTTP RESPONSE 200 {"content-type":"application/json; charset=UTF-8","vary":"X-Origin, Referer, Origin,Accept-Encoding","date":"Sun, 31 Jan 2021 14:11:02 GMT","server":"ESF","cache-control":"private","x-xss-protection":"0","x-frame-options":"SAMEORIGIN","x-content-type-options":"nosniff","alt-svc":"h3-29=\":443\"; ma=2592000,h3-T051=\":443\"; ma=2592000,h3-Q050=\":443\"; ma=2592000,h3-Q046=\":443\"; ma=2592000,h3-Q043=\":443\"; ma=2592000,quic=\":443\"; ma=2592000; v=\"46,43\"","accept-ranges":"none","transfer-encoding":"chunked"}
[debug] [2021-01-31T14:11:04.178Z] >>> HTTP REQUEST GET https://cloudfunctions.googleapis.com/v1/operations/aGFja3VjaS1hYzRkOS91cy1jZW50cmFsMS9jYWxjdWxhdGVFVEEvVmRsMGZuN0ZOdTQ  
 
[debug] [2021-01-31T14:11:04.180Z] >>> HTTP REQUEST GET https://cloudfunctions.googleapis.com/v1/operations/aGFja3VjaS1hYzRkOS91cy1jZW50cmFsMS9jYWxjdWxhdGVXQVAvaDIwTDlFQy1DeGc  
 
[debug] [2021-01-31T14:11:04.182Z] >>> HTTP REQUEST GET https://cloudfunctions.googleapis.com/v1/operations/aGFja3VjaS1hYzRkOS91cy1jZW50cmFsMS9jYWxjdWxhdGVQcmlvcml0eS9tRUZXekVwREJmdw  
 
[debug] [2021-01-31T14:11:04.301Z] >>> HTTP REQUEST GET https://cloudfunctions.googleapis.com/v1/operations/aGFja3VjaS1hYzRkOS91cy1jZW50cmFsMS9zYXlIZXkvWlZjWlNRS3pZaXM  
 
[debug] [2021-01-31T14:11:04.373Z] <<< HTTP RESPONSE 200 {"content-type":"application/json; charset=UTF-8","vary":"X-Origin, Referer, Origin,Accept-Encoding","date":"Sun, 31 Jan 2021 14:11:04 GMT","server":"ESF","cache-control":"private","x-xss-protection":"0","x-frame-options":"SAMEORIGIN","x-content-type-options":"nosniff","alt-svc":"h3-29=\":443\"; ma=2592000,h3-T051=\":443\"; ma=2592000,h3-Q050=\":443\"; ma=2592000,h3-Q046=\":443\"; ma=2592000,h3-Q043=\":443\"; ma=2592000,quic=\":443\"; ma=2592000; v=\"46,43\"","accept-ranges":"none","transfer-encoding":"chunked"}
[debug] [2021-01-31T14:11:04.374Z] <<< HTTP RESPONSE 200 {"content-type":"application/json; charset=UTF-8","vary":"X-Origin, Referer, Origin,Accept-Encoding","date":"Sun, 31 Jan 2021 14:11:04 GMT","server":"ESF","cache-control":"private","x-xss-protection":"0","x-frame-options":"SAMEORIGIN","x-content-type-options":"nosniff","alt-svc":"h3-29=\":443\"; ma=2592000,h3-T051=\":443\"; ma=2592000,h3-Q050=\":443\"; ma=2592000,h3-Q046=\":443\"; ma=2592000,h3-Q043=\":443\"; ma=2592000,quic=\":443\"; ma=2592000; v=\"46,43\"","accept-ranges":"none","transfer-encoding":"chunked"}
[debug] [2021-01-31T14:11:04.380Z] <<< HTTP RESPONSE 200 {"content-type":"application/json; charset=UTF-8","vary":"X-Origin, Referer, Origin,Accept-Encoding","date":"Sun, 31 Jan 2021 14:11:04 GMT","server":"ESF","cache-control":"private","x-xss-protection":"0","x-frame-options":"SAMEORIGIN","x-content-type-options":"nosniff","alt-svc":"h3-29=\":443\"; ma=2592000,h3-T051=\":443\"; ma=2592000,h3-Q050=\":443\"; ma=2592000,h3-Q046=\":443\"; ma=2592000,h3-Q043=\":443\"; ma=2592000,quic=\":443\"; ma=2592000; v=\"46,43\"","accept-ranges":"none","transfer-encoding":"chunked"}
[debug] [2021-01-31T14:11:04.507Z] <<< HTTP RESPONSE 200 {"content-type":"application/json; charset=UTF-8","vary":"X-Origin, Referer, Origin,Accept-Encoding","date":"Sun, 31 Jan 2021 14:11:04 GMT","server":"ESF","cache-control":"private","x-xss-protection":"0","x-frame-options":"SAMEORIGIN","x-content-type-options":"nosniff","alt-svc":"h3-29=\":443\"; ma=2592000,h3-T051=\":443\"; ma=2592000,h3-Q050=\":443\"; ma=2592000,h3-Q046=\":443\"; ma=2592000,h3-Q043=\":443\"; ma=2592000,quic=\":443\"; ma=2592000; v=\"46,43\"","accept-ranges":"none","transfer-encoding":"chunked"}
[debug] [2021-01-31T14:11:06.376Z] >>> HTTP REQUEST GET https://cloudfunctions.googleapis.com/v1/operations/aGFja3VjaS1hYzRkOS91cy1jZW50cmFsMS9jYWxjdWxhdGVQcmlvcml0eS9tRUZXekVwREJmdw  
 
[debug] [2021-01-31T14:11:06.377Z] >>> HTTP REQUEST GET https://cloudfunctions.googleapis.com/v1/operations/aGFja3VjaS1hYzRkOS91cy1jZW50cmFsMS9jYWxjdWxhdGVFVEEvVmRsMGZuN0ZOdTQ  
 
[debug] [2021-01-31T14:11:06.382Z] >>> HTTP REQUEST GET https://cloudfunctions.googleapis.com/v1/operations/aGFja3VjaS1hYzRkOS91cy1jZW50cmFsMS9jYWxjdWxhdGVXQVAvaDIwTDlFQy1DeGc  
 
[debug] [2021-01-31T14:11:06.508Z] >>> HTTP REQUEST GET https://cloudfunctions.googleapis.com/v1/operations/aGFja3VjaS1hYzRkOS91cy1jZW50cmFsMS9zYXlIZXkvWlZjWlNRS3pZaXM  
 
[debug] [2021-01-31T14:11:06.562Z] <<< HTTP RESPONSE 200 {"content-type":"application/json; charset=UTF-8","vary":"X-Origin, Referer, Origin,Accept-Encoding","date":"Sun, 31 Jan 2021 14:11:06 GMT","server":"ESF","cache-control":"private","x-xss-protection":"0","x-frame-options":"SAMEORIGIN","x-content-type-options":"nosniff","alt-svc":"h3-29=\":443\"; ma=2592000,h3-T051=\":443\"; ma=2592000,h3-Q050=\":443\"; ma=2592000,h3-Q046=\":443\"; ma=2592000,h3-Q043=\":443\"; ma=2592000,quic=\":443\"; ma=2592000; v=\"46,43\"","accept-ranges":"none","transfer-encoding":"chunked"}
[debug] [2021-01-31T14:11:06.570Z] <<< HTTP RESPONSE 200 {"content-type":"application/json; charset=UTF-8","vary":"X-Origin, Referer, Origin,Accept-Encoding","date":"Sun, 31 Jan 2021 14:11:06 GMT","server":"ESF","cache-control":"private","x-xss-protection":"0","x-frame-options":"SAMEORIGIN","x-content-type-options":"nosniff","alt-svc":"h3-29=\":443\"; ma=2592000,h3-T051=\":443\"; ma=2592000,h3-Q050=\":443\"; ma=2592000,h3-Q046=\":443\"; ma=2592000,h3-Q043=\":443\"; ma=2592000,quic=\":443\"; ma=2592000; v=\"46,43\"","accept-ranges":"none","transfer-encoding":"chunked"}
[debug] [2021-01-31T14:11:06.574Z] <<< HTTP RESPONSE 200 {"content-type":"application/json; charset=UTF-8","vary":"X-Origin, Referer, Origin,Accept-Encoding","date":"Sun, 31 Jan 2021 14:11:06 GMT","server":"ESF","cache-control":"private","x-xss-protection":"0","x-frame-options":"SAMEORIGIN","x-content-type-options":"nosniff","alt-svc":"h3-29=\":443\"; ma=2592000,h3-T051=\":443\"; ma=2592000,h3-Q050=\":443\"; ma=2592000,h3-Q046=\":443\"; ma=2592000,h3-Q043=\":443\"; ma=2592000,quic=\":443\"; ma=2592000; v=\"46,43\"","accept-ranges":"none","transfer-encoding":"chunked"}
[debug] [2021-01-31T14:11:06.687Z] <<< HTTP RESPONSE 200 {"content-type":"application/json; charset=UTF-8","vary":"X-Origin, Referer, Origin,Accept-Encoding","date":"Sun, 31 Jan 2021 14:11:06 GMT","server":"ESF","cache-control":"private","x-xss-protection":"0","x-frame-options":"SAMEORIGIN","x-content-type-options":"nosniff","alt-svc":"h3-29=\":443\"; ma=2592000,h3-T051=\":443\"; ma=2592000,h3-Q050=\":443\"; ma=2592000,h3-Q046=\":443\"; ma=2592000,h3-Q043=\":443\"; ma=2592000,quic=\":443\"; ma=2592000; v=\"46,43\"","accept-ranges":"none","transfer-encoding":"chunked"}
[debug] [2021-01-31T14:11:08.562Z] >>> HTTP REQUEST GET https://cloudfunctions.googleapis.com/v1/operations/aGFja3VjaS1hYzRkOS91cy1jZW50cmFsMS9jYWxjdWxhdGVQcmlvcml0eS9tRUZXekVwREJmdw  
 
[debug] [2021-01-31T14:11:08.571Z] >>> HTTP REQUEST GET https://cloudfunctions.googleapis.com/v1/operations/aGFja3VjaS1hYzRkOS91cy1jZW50cmFsMS9jYWxjdWxhdGVXQVAvaDIwTDlFQy1DeGc  
 
[debug] [2021-01-31T14:11:08.575Z] >>> HTTP REQUEST GET https://cloudfunctions.googleapis.com/v1/operations/aGFja3VjaS1hYzRkOS91cy1jZW50cmFsMS9jYWxjdWxhdGVFVEEvVmRsMGZuN0ZOdTQ  
 
[debug] [2021-01-31T14:11:08.689Z] >>> HTTP REQUEST GET https://cloudfunctions.googleapis.com/v1/operations/aGFja3VjaS1hYzRkOS91cy1jZW50cmFsMS9zYXlIZXkvWlZjWlNRS3pZaXM  
 
[debug] [2021-01-31T14:11:08.748Z] <<< HTTP RESPONSE 200 {"content-type":"application/json; charset=UTF-8","vary":"X-Origin, Referer, Origin,Accept-Encoding","date":"Sun, 31 Jan 2021 14:11:08 GMT","server":"ESF","cache-control":"private","x-xss-protection":"0","x-frame-options":"SAMEORIGIN","x-content-type-options":"nosniff","alt-svc":"h3-29=\":443\"; ma=2592000,h3-T051=\":443\"; ma=2592000,h3-Q050=\":443\"; ma=2592000,h3-Q046=\":443\"; ma=2592000,h3-Q043=\":443\"; ma=2592000,quic=\":443\"; ma=2592000; v=\"46,43\"","accept-ranges":"none","transfer-encoding":"chunked"}
[debug] [2021-01-31T14:11:08.767Z] <<< HTTP RESPONSE 200 {"content-type":"application/json; charset=UTF-8","vary":"X-Origin, Referer, Origin,Accept-Encoding","date":"Sun, 31 Jan 2021 14:11:08 GMT","server":"ESF","cache-control":"private","x-xss-protection":"0","x-frame-options":"SAMEORIGIN","x-content-type-options":"nosniff","alt-svc":"h3-29=\":443\"; ma=2592000,h3-T051=\":443\"; ma=2592000,h3-Q050=\":443\"; ma=2592000,h3-Q046=\":443\"; ma=2592000,h3-Q043=\":443\"; ma=2592000,quic=\":443\"; ma=2592000; v=\"46,43\"","accept-ranges":"none","transfer-encoding":"chunked"}
[debug] [2021-01-31T14:11:08.769Z] <<< HTTP RESPONSE 200 {"content-type":"application/json; charset=UTF-8","vary":"X-Origin, Referer, Origin,Accept-Encoding","date":"Sun, 31 Jan 2021 14:11:08 GMT","server":"ESF","cache-control":"private","x-xss-protection":"0","x-frame-options":"SAMEORIGIN","x-content-type-options":"nosniff","alt-svc":"h3-29=\":443\"; ma=2592000,h3-T051=\":443\"; ma=2592000,h3-Q050=\":443\"; ma=2592000,h3-Q046=\":443\"; ma=2592000,h3-Q043=\":443\"; ma=2592000,quic=\":443\"; ma=2592000; v=\"46,43\"","accept-ranges":"none","transfer-encoding":"chunked"}
[debug] [2021-01-31T14:11:08.877Z] <<< HTTP RESPONSE 200 {"content-type":"application/json; charset=UTF-8","vary":"X-Origin, Referer, Origin,Accept-Encoding","date":"Sun, 31 Jan 2021 14:11:09 GMT","server":"ESF","cache-control":"private","x-xss-protection":"0","x-frame-options":"SAMEORIGIN","x-content-type-options":"nosniff","alt-svc":"h3-29=\":443\"; ma=2592000,h3-T051=\":443\"; ma=2592000,h3-Q050=\":443\"; ma=2592000,h3-Q046=\":443\"; ma=2592000,h3-Q043=\":443\"; ma=2592000,quic=\":443\"; ma=2592000; v=\"46,43\"","accept-ranges":"none","transfer-encoding":"chunked"}
[debug] [2021-01-31T14:11:10.748Z] >>> HTTP REQUEST GET https://cloudfunctions.googleapis.com/v1/operations/aGFja3VjaS1hYzRkOS91cy1jZW50cmFsMS9jYWxjdWxhdGVQcmlvcml0eS9tRUZXekVwREJmdw  
 
[debug] [2021-01-31T14:11:10.768Z] >>> HTTP REQUEST GET https://cloudfunctions.googleapis.com/v1/operations/aGFja3VjaS1hYzRkOS91cy1jZW50cmFsMS9jYWxjdWxhdGVFVEEvVmRsMGZuN0ZOdTQ  
 
[debug] [2021-01-31T14:11:10.770Z] >>> HTTP REQUEST GET https://cloudfunctions.googleapis.com/v1/operations/aGFja3VjaS1hYzRkOS91cy1jZW50cmFsMS9jYWxjdWxhdGVXQVAvaDIwTDlFQy1DeGc  
 
[debug] [2021-01-31T14:11:10.877Z] >>> HTTP REQUEST GET https://cloudfunctions.googleapis.com/v1/operations/aGFja3VjaS1hYzRkOS91cy1jZW50cmFsMS9zYXlIZXkvWlZjWlNRS3pZaXM  
 
[debug] [2021-01-31T14:11:10.933Z] <<< HTTP RESPONSE 200 {"content-type":"application/json; charset=UTF-8","vary":"X-Origin, Referer, Origin,Accept-Encoding","date":"Sun, 31 Jan 2021 14:11:11 GMT","server":"ESF","cache-control":"private","x-xss-protection":"0","x-frame-options":"SAMEORIGIN","x-content-type-options":"nosniff","alt-svc":"h3-29=\":443\"; ma=2592000,h3-T051=\":443\"; ma=2592000,h3-Q050=\":443\"; ma=2592000,h3-Q046=\":443\"; ma=2592000,h3-Q043=\":443\"; ma=2592000,quic=\":443\"; ma=2592000; v=\"46,43\"","accept-ranges":"none","transfer-encoding":"chunked"}
[debug] [2021-01-31T14:11:10.954Z] <<< HTTP RESPONSE 200 {"content-type":"application/json; charset=UTF-8","vary":"X-Origin, Referer, Origin,Accept-Encoding","date":"Sun, 31 Jan 2021 14:11:11 GMT","server":"ESF","cache-control":"private","x-xss-protection":"0","x-frame-options":"SAMEORIGIN","x-content-type-options":"nosniff","alt-svc":"h3-29=\":443\"; ma=2592000,h3-T051=\":443\"; ma=2592000,h3-Q050=\":443\"; ma=2592000,h3-Q046=\":443\"; ma=2592000,h3-Q043=\":443\"; ma=2592000,quic=\":443\"; ma=2592000; v=\"46,43\"","accept-ranges":"none","transfer-encoding":"chunked"}
[debug] [2021-01-31T14:11:10.956Z] <<< HTTP RESPONSE 200 {"content-type":"application/json; charset=UTF-8","vary":"X-Origin, Referer, Origin,Accept-Encoding","date":"Sun, 31 Jan 2021 14:11:11 GMT","server":"ESF","cache-control":"private","x-xss-protection":"0","x-frame-options":"SAMEORIGIN","x-content-type-options":"nosniff","alt-svc":"h3-29=\":443\"; ma=2592000,h3-T051=\":443\"; ma=2592000,h3-Q050=\":443\"; ma=2592000,h3-Q046=\":443\"; ma=2592000,h3-Q043=\":443\"; ma=2592000,quic=\":443\"; ma=2592000; v=\"46,43\"","accept-ranges":"none","transfer-encoding":"chunked"}
[debug] [2021-01-31T14:11:11.076Z] <<< HTTP RESPONSE 200 {"content-type":"application/json; charset=UTF-8","vary":"X-Origin, Referer, Origin,Accept-Encoding","date":"Sun, 31 Jan 2021 14:11:11 GMT","server":"ESF","cache-control":"private","x-xss-protection":"0","x-frame-options":"SAMEORIGIN","x-content-type-options":"nosniff","alt-svc":"h3-29=\":443\"; ma=2592000,h3-T051=\":443\"; ma=2592000,h3-Q050=\":443\"; ma=2592000,h3-Q046=\":443\"; ma=2592000,h3-Q043=\":443\"; ma=2592000,quic=\":443\"; ma=2592000; v=\"46,43\"","accept-ranges":"none","transfer-encoding":"chunked"}
[debug] [2021-01-31T14:11:12.933Z] >>> HTTP REQUEST GET https://cloudfunctions.googleapis.com/v1/operations/aGFja3VjaS1hYzRkOS91cy1jZW50cmFsMS9jYWxjdWxhdGVQcmlvcml0eS9tRUZXekVwREJmdw  
 
[debug] [2021-01-31T14:11:12.955Z] >>> HTTP REQUEST GET https://cloudfunctions.googleapis.com/v1/operations/aGFja3VjaS1hYzRkOS91cy1jZW50cmFsMS9jYWxjdWxhdGVFVEEvVmRsMGZuN0ZOdTQ  
 
[debug] [2021-01-31T14:11:12.957Z] >>> HTTP REQUEST GET https://cloudfunctions.googleapis.com/v1/operations/aGFja3VjaS1hYzRkOS91cy1jZW50cmFsMS9jYWxjdWxhdGVXQVAvaDIwTDlFQy1DeGc  
 
[debug] [2021-01-31T14:11:13.079Z] >>> HTTP REQUEST GET https://cloudfunctions.googleapis.com/v1/operations/aGFja3VjaS1hYzRkOS91cy1jZW50cmFsMS9zYXlIZXkvWlZjWlNRS3pZaXM  
 
[debug] [2021-01-31T14:11:13.140Z] <<< HTTP RESPONSE 200 {"content-type":"application/json; charset=UTF-8","vary":"X-Origin, Referer, Origin,Accept-Encoding","date":"Sun, 31 Jan 2021 14:11:13 GMT","server":"ESF","cache-control":"private","x-xss-protection":"0","x-frame-options":"SAMEORIGIN","x-content-type-options":"nosniff","alt-svc":"h3-29=\":443\"; ma=2592000,h3-T051=\":443\"; ma=2592000,h3-Q050=\":443\"; ma=2592000,h3-Q046=\":443\"; ma=2592000,h3-Q043=\":443\"; ma=2592000,quic=\":443\"; ma=2592000; v=\"46,43\"","accept-ranges":"none","transfer-encoding":"chunked"}
[debug] [2021-01-31T14:11:13.144Z] <<< HTTP RESPONSE 200 {"content-type":"application/json; charset=UTF-8","vary":"X-Origin, Referer, Origin,Accept-Encoding","date":"Sun, 31 Jan 2021 14:11:13 GMT","server":"ESF","cache-control":"private","x-xss-protection":"0","x-frame-options":"SAMEORIGIN","x-content-type-options":"nosniff","alt-svc":"h3-29=\":443\"; ma=2592000,h3-T051=\":443\"; ma=2592000,h3-Q050=\":443\"; ma=2592000,h3-Q046=\":443\"; ma=2592000,h3-Q043=\":443\"; ma=2592000,quic=\":443\"; ma=2592000; v=\"46,43\"","accept-ranges":"none","transfer-encoding":"chunked"}
[debug] [2021-01-31T14:11:13.309Z] <<< HTTP RESPONSE 200 {"content-type":"application/json; charset=UTF-8","vary":"X-Origin, Referer, Origin,Accept-Encoding","date":"Sun, 31 Jan 2021 14:11:13 GMT","server":"ESF","cache-control":"private","x-xss-protection":"0","x-frame-options":"SAMEORIGIN","x-content-type-options":"nosniff","alt-svc":"h3-29=\":443\"; ma=2592000,h3-T051=\":443\"; ma=2592000,h3-Q050=\":443\"; ma=2592000,h3-Q046=\":443\"; ma=2592000,h3-Q043=\":443\"; ma=2592000,quic=\":443\"; ma=2592000; v=\"46,43\"","accept-ranges":"none","transfer-encoding":"chunked"}
[debug] [2021-01-31T14:11:13.368Z] <<< HTTP RESPONSE 200 {"content-type":"application/json; charset=UTF-8","vary":"X-Origin, Referer, Origin,Accept-Encoding","date":"Sun, 31 Jan 2021 14:11:13 GMT","server":"ESF","cache-control":"private","x-xss-protection":"0","x-frame-options":"SAMEORIGIN","x-content-type-options":"nosniff","alt-svc":"h3-29=\":443\"; ma=2592000,h3-T051=\":443\"; ma=2592000,h3-Q050=\":443\"; ma=2592000,h3-Q046=\":443\"; ma=2592000,h3-Q043=\":443\"; ma=2592000,quic=\":443\"; ma=2592000; v=\"46,43\"","accept-ranges":"none","transfer-encoding":"chunked"}
[debug] [2021-01-31T14:11:15.141Z] >>> HTTP REQUEST GET https://cloudfunctions.googleapis.com/v1/operations/aGFja3VjaS1hYzRkOS91cy1jZW50cmFsMS9jYWxjdWxhdGVFVEEvVmRsMGZuN0ZOdTQ  
 
[debug] [2021-01-31T14:11:15.146Z] >>> HTTP REQUEST GET https://cloudfunctions.googleapis.com/v1/operations/aGFja3VjaS1hYzRkOS91cy1jZW50cmFsMS9jYWxjdWxhdGVXQVAvaDIwTDlFQy1DeGc  
 
[debug] [2021-01-31T14:11:15.312Z] >>> HTTP REQUEST GET https://cloudfunctions.googleapis.com/v1/operations/aGFja3VjaS1hYzRkOS91cy1jZW50cmFsMS9zYXlIZXkvWlZjWlNRS3pZaXM  
 
[debug] [2021-01-31T14:11:15.337Z] <<< HTTP RESPONSE 200 {"content-type":"application/json; charset=UTF-8","vary":"X-Origin, Referer, Origin,Accept-Encoding","date":"Sun, 31 Jan 2021 14:11:15 GMT","server":"ESF","cache-control":"private","x-xss-protection":"0","x-frame-options":"SAMEORIGIN","x-content-type-options":"nosniff","alt-svc":"h3-29=\":443\"; ma=2592000,h3-T051=\":443\"; ma=2592000,h3-Q050=\":443\"; ma=2592000,h3-Q046=\":443\"; ma=2592000,h3-Q043=\":443\"; ma=2592000,quic=\":443\"; ma=2592000; v=\"46,43\"","accept-ranges":"none","transfer-encoding":"chunked"}
[debug] [2021-01-31T14:11:15.340Z] <<< HTTP RESPONSE 200 {"content-type":"application/json; charset=UTF-8","vary":"X-Origin, Referer, Origin,Accept-Encoding","date":"Sun, 31 Jan 2021 14:11:15 GMT","server":"ESF","cache-control":"private","x-xss-protection":"0","x-frame-options":"SAMEORIGIN","x-content-type-options":"nosniff","alt-svc":"h3-29=\":443\"; ma=2592000,h3-T051=\":443\"; ma=2592000,h3-Q050=\":443\"; ma=2592000,h3-Q046=\":443\"; ma=2592000,h3-Q043=\":443\"; ma=2592000,quic=\":443\"; ma=2592000; v=\"46,43\"","accept-ranges":"none","transfer-encoding":"chunked"}
[debug] [2021-01-31T14:11:15.368Z] >>> HTTP REQUEST GET https://cloudfunctions.googleapis.com/v1/operations/aGFja3VjaS1hYzRkOS91cy1jZW50cmFsMS9jYWxjdWxhdGVQcmlvcml0eS9tRUZXekVwREJmdw  
 
[debug] [2021-01-31T14:11:15.502Z] <<< HTTP RESPONSE 200 {"content-type":"application/json; charset=UTF-8","vary":"X-Origin, Referer, Origin,Accept-Encoding","date":"Sun, 31 Jan 2021 14:11:15 GMT","server":"ESF","cache-control":"private","x-xss-protection":"0","x-frame-options":"SAMEORIGIN","x-content-type-options":"nosniff","alt-svc":"h3-29=\":443\"; ma=2592000,h3-T051=\":443\"; ma=2592000,h3-Q050=\":443\"; ma=2592000,h3-Q046=\":443\"; ma=2592000,h3-Q043=\":443\"; ma=2592000,quic=\":443\"; ma=2592000; v=\"46,43\"","accept-ranges":"none","transfer-encoding":"chunked"}
[debug] [2021-01-31T14:11:15.554Z] <<< HTTP RESPONSE 200 {"content-type":"application/json; charset=UTF-8","vary":"X-Origin, Referer, Origin,Accept-Encoding","date":"Sun, 31 Jan 2021 14:11:15 GMT","server":"ESF","cache-control":"private","x-xss-protection":"0","x-frame-options":"SAMEORIGIN","x-content-type-options":"nosniff","alt-svc":"h3-29=\":443\"; ma=2592000,h3-T051=\":443\"; ma=2592000,h3-Q050=\":443\"; ma=2592000,h3-Q046=\":443\"; ma=2592000,h3-Q043=\":443\"; ma=2592000,quic=\":443\"; ma=2592000; v=\"46,43\"","accept-ranges":"none","transfer-encoding":"chunked"}
[debug] [2021-01-31T14:11:17.339Z] >>> HTTP REQUEST GET https://cloudfunctions.googleapis.com/v1/operations/aGFja3VjaS1hYzRkOS91cy1jZW50cmFsMS9jYWxjdWxhdGVFVEEvVmRsMGZuN0ZOdTQ  
 
[debug] [2021-01-31T14:11:17.341Z] >>> HTTP REQUEST GET https://cloudfunctions.googleapis.com/v1/operations/aGFja3VjaS1hYzRkOS91cy1jZW50cmFsMS9jYWxjdWxhdGVXQVAvaDIwTDlFQy1DeGc  
 
[debug] [2021-01-31T14:11:17.504Z] >>> HTTP REQUEST GET https://cloudfunctions.googleapis.com/v1/operations/aGFja3VjaS1hYzRkOS91cy1jZW50cmFsMS9zYXlIZXkvWlZjWlNRS3pZaXM  
 
[debug] [2021-01-31T14:11:17.529Z] <<< HTTP RESPONSE 200 {"content-type":"application/json; charset=UTF-8","vary":"X-Origin, Referer, Origin,Accept-Encoding","date":"Sun, 31 Jan 2021 14:11:17 GMT","server":"ESF","cache-control":"private","x-xss-protection":"0","x-frame-options":"SAMEORIGIN","x-content-type-options":"nosniff","alt-svc":"h3-29=\":443\"; ma=2592000,h3-T051=\":443\"; ma=2592000,h3-Q050=\":443\"; ma=2592000,h3-Q046=\":443\"; ma=2592000,h3-Q043=\":443\"; ma=2592000,quic=\":443\"; ma=2592000; v=\"46,43\"","accept-ranges":"none","transfer-encoding":"chunked"}
[debug] [2021-01-31T14:11:17.540Z] <<< HTTP RESPONSE 200 {"content-type":"application/json; charset=UTF-8","vary":"X-Origin, Referer, Origin,Accept-Encoding","date":"Sun, 31 Jan 2021 14:11:17 GMT","server":"ESF","cache-control":"private","x-xss-protection":"0","x-frame-options":"SAMEORIGIN","x-content-type-options":"nosniff","alt-svc":"h3-29=\":443\"; ma=2592000,h3-T051=\":443\"; ma=2592000,h3-Q050=\":443\"; ma=2592000,h3-Q046=\":443\"; ma=2592000,h3-Q043=\":443\"; ma=2592000,quic=\":443\"; ma=2592000; v=\"46,43\"","accept-ranges":"none","transfer-encoding":"chunked"}
[debug] [2021-01-31T14:11:17.555Z] >>> HTTP REQUEST GET https://cloudfunctions.googleapis.com/v1/operations/aGFja3VjaS1hYzRkOS91cy1jZW50cmFsMS9jYWxjdWxhdGVQcmlvcml0eS9tRUZXekVwREJmdw  
 
[debug] [2021-01-31T14:11:17.688Z] <<< HTTP RESPONSE 200 {"content-type":"application/json; charset=UTF-8","vary":"X-Origin, Referer, Origin,Accept-Encoding","date":"Sun, 31 Jan 2021 14:11:17 GMT","server":"ESF","cache-control":"private","x-xss-protection":"0","x-frame-options":"SAMEORIGIN","x-content-type-options":"nosniff","alt-svc":"h3-29=\":443\"; ma=2592000,h3-T051=\":443\"; ma=2592000,h3-Q050=\":443\"; ma=2592000,h3-Q046=\":443\"; ma=2592000,h3-Q043=\":443\"; ma=2592000,quic=\":443\"; ma=2592000; v=\"46,43\"","accept-ranges":"none","transfer-encoding":"chunked"}
[debug] [2021-01-31T14:11:17.739Z] <<< HTTP RESPONSE 200 {"content-type":"application/json; charset=UTF-8","vary":"X-Origin, Referer, Origin,Accept-Encoding","date":"Sun, 31 Jan 2021 14:11:17 GMT","server":"ESF","cache-control":"private","x-xss-protection":"0","x-frame-options":"SAMEORIGIN","x-content-type-options":"nosniff","alt-svc":"h3-29=\":443\"; ma=2592000,h3-T051=\":443\"; ma=2592000,h3-Q050=\":443\"; ma=2592000,h3-Q046=\":443\"; ma=2592000,h3-Q043=\":443\"; ma=2592000,quic=\":443\"; ma=2592000; v=\"46,43\"","accept-ranges":"none","transfer-encoding":"chunked"}
[debug] [2021-01-31T14:11:19.532Z] >>> HTTP REQUEST GET https://cloudfunctions.googleapis.com/v1/operations/aGFja3VjaS1hYzRkOS91cy1jZW50cmFsMS9jYWxjdWxhdGVFVEEvVmRsMGZuN0ZOdTQ  
 
[debug] [2021-01-31T14:11:19.543Z] >>> HTTP REQUEST GET https://cloudfunctions.googleapis.com/v1/operations/aGFja3VjaS1hYzRkOS91cy1jZW50cmFsMS9jYWxjdWxhdGVXQVAvaDIwTDlFQy1DeGc  
 
[debug] [2021-01-31T14:11:19.690Z] >>> HTTP REQUEST GET https://cloudfunctions.googleapis.com/v1/operations/aGFja3VjaS1hYzRkOS91cy1jZW50cmFsMS9zYXlIZXkvWlZjWlNRS3pZaXM  
 
[debug] [2021-01-31T14:11:19.721Z] <<< HTTP RESPONSE 200 {"content-type":"application/json; charset=UTF-8","vary":"X-Origin, Referer, Origin,Accept-Encoding","date":"Sun, 31 Jan 2021 14:11:19 GMT","server":"ESF","cache-control":"private","x-xss-protection":"0","x-frame-options":"SAMEORIGIN","x-content-type-options":"nosniff","alt-svc":"h3-29=\":443\"; ma=2592000,h3-T051=\":443\"; ma=2592000,h3-Q050=\":443\"; ma=2592000,h3-Q046=\":443\"; ma=2592000,h3-Q043=\":443\"; ma=2592000,quic=\":443\"; ma=2592000; v=\"46,43\"","accept-ranges":"none","transfer-encoding":"chunked"}
[debug] [2021-01-31T14:11:19.735Z] <<< HTTP RESPONSE 200 {"content-type":"application/json; charset=UTF-8","vary":"X-Origin, Referer, Origin,Accept-Encoding","date":"Sun, 31 Jan 2021 14:11:19 GMT","server":"ESF","cache-control":"private","x-xss-protection":"0","x-frame-options":"SAMEORIGIN","x-content-type-options":"nosniff","alt-svc":"h3-29=\":443\"; ma=2592000,h3-T051=\":443\"; ma=2592000,h3-Q050=\":443\"; ma=2592000,h3-Q046=\":443\"; ma=2592000,h3-Q043=\":443\"; ma=2592000,quic=\":443\"; ma=2592000; v=\"46,43\"","accept-ranges":"none","transfer-encoding":"chunked"}
[debug] [2021-01-31T14:11:19.740Z] >>> HTTP REQUEST GET https://cloudfunctions.googleapis.com/v1/operations/aGFja3VjaS1hYzRkOS91cy1jZW50cmFsMS9jYWxjdWxhdGVQcmlvcml0eS9tRUZXekVwREJmdw  
 
[debug] [2021-01-31T14:11:20.021Z] <<< HTTP RESPONSE 200 {"content-type":"application/json; charset=UTF-8","vary":"X-Origin, Referer, Origin,Accept-Encoding","date":"Sun, 31 Jan 2021 14:11:20 GMT","server":"ESF","cache-control":"private","x-xss-protection":"0","x-frame-options":"SAMEORIGIN","x-content-type-options":"nosniff","alt-svc":"h3-29=\":443\"; ma=2592000,h3-T051=\":443\"; ma=2592000,h3-Q050=\":443\"; ma=2592000,h3-Q046=\":443\"; ma=2592000,h3-Q043=\":443\"; ma=2592000,quic=\":443\"; ma=2592000; v=\"46,43\"","accept-ranges":"none","transfer-encoding":"chunked"}
[debug] [2021-01-31T14:11:20.037Z] <<< HTTP RESPONSE 200 {"content-type":"application/json; charset=UTF-8","vary":"X-Origin, Referer, Origin,Accept-Encoding","date":"Sun, 31 Jan 2021 14:11:20 GMT","server":"ESF","cache-control":"private","x-xss-protection":"0","x-frame-options":"SAMEORIGIN","x-content-type-options":"nosniff","alt-svc":"h3-29=\":443\"; ma=2592000,h3-T051=\":443\"; ma=2592000,h3-Q050=\":443\"; ma=2592000,h3-Q046=\":443\"; ma=2592000,h3-Q043=\":443\"; ma=2592000,quic=\":443\"; ma=2592000; v=\"46,43\"","accept-ranges":"none","transfer-encoding":"chunked"}
[debug] [2021-01-31T14:11:21.723Z] >>> HTTP REQUEST GET https://cloudfunctions.googleapis.com/v1/operations/aGFja3VjaS1hYzRkOS91cy1jZW50cmFsMS9jYWxjdWxhdGVFVEEvVmRsMGZuN0ZOdTQ  
 
[debug] [2021-01-31T14:11:21.736Z] >>> HTTP REQUEST GET https://cloudfunctions.googleapis.com/v1/operations/aGFja3VjaS1hYzRkOS91cy1jZW50cmFsMS9jYWxjdWxhdGVXQVAvaDIwTDlFQy1DeGc  
 
[debug] [2021-01-31T14:11:21.944Z] <<< HTTP RESPONSE 200 {"content-type":"application/json; charset=UTF-8","vary":"X-Origin, Referer, Origin,Accept-Encoding","date":"Sun, 31 Jan 2021 14:11:22 GMT","server":"ESF","cache-control":"private","x-xss-protection":"0","x-frame-options":"SAMEORIGIN","x-content-type-options":"nosniff","alt-svc":"h3-29=\":443\"; ma=2592000,h3-T051=\":443\"; ma=2592000,h3-Q050=\":443\"; ma=2592000,h3-Q046=\":443\"; ma=2592000,h3-Q043=\":443\"; ma=2592000,quic=\":443\"; ma=2592000; v=\"46,43\"","accept-ranges":"none","transfer-encoding":"chunked"}
[debug] [2021-01-31T14:11:21.946Z] <<< HTTP RESPONSE 200 {"content-type":"application/json; charset=UTF-8","vary":"X-Origin, Referer, Origin,Accept-Encoding","date":"Sun, 31 Jan 2021 14:11:22 GMT","server":"ESF","cache-control":"private","x-xss-protection":"0","x-frame-options":"SAMEORIGIN","x-content-type-options":"nosniff","alt-svc":"h3-29=\":443\"; ma=2592000,h3-T051=\":443\"; ma=2592000,h3-Q050=\":443\"; ma=2592000,h3-Q046=\":443\"; ma=2592000,h3-Q043=\":443\"; ma=2592000,quic=\":443\"; ma=2592000; v=\"46,43\"","accept-ranges":"none","transfer-encoding":"chunked"}
[debug] [2021-01-31T14:11:22.023Z] >>> HTTP REQUEST GET https://cloudfunctions.googleapis.com/v1/operations/aGFja3VjaS1hYzRkOS91cy1jZW50cmFsMS9zYXlIZXkvWlZjWlNRS3pZaXM  
 
[debug] [2021-01-31T14:11:22.039Z] >>> HTTP REQUEST GET https://cloudfunctions.googleapis.com/v1/operations/aGFja3VjaS1hYzRkOS91cy1jZW50cmFsMS9jYWxjdWxhdGVQcmlvcml0eS9tRUZXekVwREJmdw  
 
[debug] [2021-01-31T14:11:22.209Z] <<< HTTP RESPONSE 200 {"content-type":"application/json; charset=UTF-8","vary":"X-Origin, Referer, Origin,Accept-Encoding","date":"Sun, 31 Jan 2021 14:11:22 GMT","server":"ESF","cache-control":"private","x-xss-protection":"0","x-frame-options":"SAMEORIGIN","x-content-type-options":"nosniff","alt-svc":"h3-29=\":443\"; ma=2592000,h3-T051=\":443\"; ma=2592000,h3-Q050=\":443\"; ma=2592000,h3-Q046=\":443\"; ma=2592000,h3-Q043=\":443\"; ma=2592000,quic=\":443\"; ma=2592000; v=\"46,43\"","accept-ranges":"none","transfer-encoding":"chunked"}
[debug] [2021-01-31T14:11:22.219Z] <<< HTTP RESPONSE 200 {"content-type":"application/json; charset=UTF-8","vary":"X-Origin, Referer, Origin,Accept-Encoding","date":"Sun, 31 Jan 2021 14:11:22 GMT","server":"ESF","cache-control":"private","x-xss-protection":"0","x-frame-options":"SAMEORIGIN","x-content-type-options":"nosniff","alt-svc":"h3-29=\":443\"; ma=2592000,h3-T051=\":443\"; ma=2592000,h3-Q050=\":443\"; ma=2592000,h3-Q046=\":443\"; ma=2592000,h3-Q043=\":443\"; ma=2592000,quic=\":443\"; ma=2592000; v=\"46,43\"","accept-ranges":"none","transfer-encoding":"chunked"}
[debug] [2021-01-31T14:11:23.945Z] >>> HTTP REQUEST GET https://cloudfunctions.googleapis.com/v1/operations/aGFja3VjaS1hYzRkOS91cy1jZW50cmFsMS9jYWxjdWxhdGVFVEEvVmRsMGZuN0ZOdTQ  
 
[debug] [2021-01-31T14:11:23.947Z] >>> HTTP REQUEST GET https://cloudfunctions.googleapis.com/v1/operations/aGFja3VjaS1hYzRkOS91cy1jZW50cmFsMS9jYWxjdWxhdGVXQVAvaDIwTDlFQy1DeGc  
 
[debug] [2021-01-31T14:11:24.211Z] >>> HTTP REQUEST GET https://cloudfunctions.googleapis.com/v1/operations/aGFja3VjaS1hYzRkOS91cy1jZW50cmFsMS9jYWxjdWxhdGVQcmlvcml0eS9tRUZXekVwREJmdw  
 
[debug] [2021-01-31T14:11:24.221Z] >>> HTTP REQUEST GET https://cloudfunctions.googleapis.com/v1/operations/aGFja3VjaS1hYzRkOS91cy1jZW50cmFsMS9zYXlIZXkvWlZjWlNRS3pZaXM  
 
[debug] [2021-01-31T14:11:24.370Z] <<< HTTP RESPONSE 200 {"content-type":"application/json; charset=UTF-8","vary":"X-Origin, Referer, Origin,Accept-Encoding","date":"Sun, 31 Jan 2021 14:11:24 GMT","server":"ESF","cache-control":"private","x-xss-protection":"0","x-frame-options":"SAMEORIGIN","x-content-type-options":"nosniff","alt-svc":"h3-29=\":443\"; ma=2592000,h3-T051=\":443\"; ma=2592000,h3-Q050=\":443\"; ma=2592000,h3-Q046=\":443\"; ma=2592000,h3-Q043=\":443\"; ma=2592000,quic=\":443\"; ma=2592000; v=\"46,43\"","accept-ranges":"none","transfer-encoding":"chunked"}
[debug] [2021-01-31T14:11:24.404Z] <<< HTTP RESPONSE 200 {"content-type":"application/json; charset=UTF-8","vary":"X-Origin, Referer, Origin,Accept-Encoding","date":"Sun, 31 Jan 2021 14:11:24 GMT","server":"ESF","cache-control":"private","x-xss-protection":"0","x-frame-options":"SAMEORIGIN","x-content-type-options":"nosniff","alt-svc":"h3-29=\":443\"; ma=2592000,h3-T051=\":443\"; ma=2592000,h3-Q050=\":443\"; ma=2592000,h3-Q046=\":443\"; ma=2592000,h3-Q043=\":443\"; ma=2592000,quic=\":443\"; ma=2592000; v=\"46,43\"","accept-ranges":"none","transfer-encoding":"chunked"}
[debug] [2021-01-31T14:11:24.406Z] <<< HTTP RESPONSE 200 {"content-type":"application/json; charset=UTF-8","vary":"X-Origin, Referer, Origin,Accept-Encoding","date":"Sun, 31 Jan 2021 14:11:24 GMT","server":"ESF","cache-control":"private","x-xss-protection":"0","x-frame-options":"SAMEORIGIN","x-content-type-options":"nosniff","alt-svc":"h3-29=\":443\"; ma=2592000,h3-T051=\":443\"; ma=2592000,h3-Q050=\":443\"; ma=2592000,h3-Q046=\":443\"; ma=2592000,h3-Q043=\":443\"; ma=2592000,quic=\":443\"; ma=2592000; v=\"46,43\"","accept-ranges":"none","transfer-encoding":"chunked"}
[debug] [2021-01-31T14:11:24.408Z] <<< HTTP RESPONSE 200 {"content-type":"application/json; charset=UTF-8","vary":"X-Origin, Referer, Origin,Accept-Encoding","date":"Sun, 31 Jan 2021 14:11:24 GMT","server":"ESF","cache-control":"private","x-xss-protection":"0","x-frame-options":"SAMEORIGIN","x-content-type-options":"nosniff","alt-svc":"h3-29=\":443\"; ma=2592000,h3-T051=\":443\"; ma=2592000,h3-Q050=\":443\"; ma=2592000,h3-Q046=\":443\"; ma=2592000,h3-Q043=\":443\"; ma=2592000,quic=\":443\"; ma=2592000; v=\"46,43\"","accept-ranges":"none","transfer-encoding":"chunked"}
